TN:
SF:client/src/components/ui/aspect-ratio.tsx
FNF:0
FNH:0
DA:3,0
LF:1
LH:0
BRF:0
BRH:0
end_of_record
TN:
SF:client/src/components/ui/collapsible.tsx
FNF:0
FNH:0
DA:5,0
DA:7,0
DA:9,0
LF:3
LH:0
BRF:0
BRH:0
end_of_record
TN:
SF:client/src/config/api-keys.ts
FN:33,(anonymous_0)
FNF:1
FNH:0
FNDA:0,(anonymous_0)
DA:5,0
DA:33,0
DA:34,0
DA:36,0
DA:37,0
DA:40,0
DA:41,0
DA:44,0
LF:8
LH:0
BRDA:14,0,0,0
BRDA:14,0,1,0
BRDA:29,1,0,0
BRDA:29,1,1,0
BRDA:36,2,0,0
BRDA:40,3,0,0
BRF:6
BRH:0
end_of_record
TN:
SF:client/src/config/env.ts
FN:51,validateEnv
FN:69,getAppUrl
FN:92,getEnv
FN:123,(anonymous_3)
FN:131,(anonymous_4)
FN:139,(anonymous_5)
FN:147,(anonymous_6)
FN:155,(anonymous_7)
FNF:8
FNH:0
FNDA:0,validateEnv
FNDA:0,getAppUrl
FNDA:0,getEnv
FNDA:0,(anonymous_3)
FNDA:0,(anonymous_4)
FNDA:0,(anonymous_5)
FNDA:0,(anonymous_6)
FNDA:0,(anonymous_7)
DA:45,0
DA:52,0
DA:54,0
DA:55,0
DA:56,0
DA:60,0
DA:61,0
DA:71,0
DA:72,0
DA:76,0
DA:77,0
DA:81,0
DA:82,0
DA:86,0
DA:90,0
DA:94,0
DA:95,0
DA:99,0
DA:102,0
DA:115,0
DA:119,0
DA:124,0
DA:125,0
DA:132,0
DA:133,0
DA:140,0
DA:141,0
DA:148,0
DA:149,0
DA:156,0
DA:158,0
DA:159,0
LF:32
LH:0
BRDA:55,0,0,0
BRDA:60,1,0,0
BRDA:71,2,0,0
BRDA:76,3,0,0
BRDA:81,4,0,0
BRDA:94,5,0,0
BRDA:158,6,0,0
BRDA:158,6,1,0
BRF:8
BRH:0
end_of_record
TN:
SF:client/src/data/company-logos.ts
FN:18,(anonymous_7)
FN:19,(anonymous_8)
FN:20,(anonymous_9)
FN:21,(anonymous_10)
FN:22,(anonymous_11)
FN:23,(anonymous_12)
FN:164,getCompanyDomain
FN:171,getCompanyColor
FN:178,getCompanyLogo
FN:192,getCompanyLogos
FN:212,getCachedLogo
FN:225,cacheLogo
FN:236,verifyLogoUrl
FN:248,getBestLogo
FN:320,getCompanyName
FNF:15
FNH:0
FNDA:0,(anonymous_7)
FNDA:0,(anonymous_8)
FNDA:0,(anonymous_9)
FNDA:0,(anonymous_10)
FNDA:0,(anonymous_11)
FNDA:0,(anonymous_12)
FNDA:0,getCompanyDomain
FNDA:0,getCompanyColor
FNDA:0,getCompanyLogo
FNDA:0,getCompanyLogos
FNDA:0,getCachedLogo
FNDA:0,cacheLogo
FNDA:0,verifyLogoUrl
FNDA:0,getBestLogo
FNDA:0,getCompanyName
DA:17,0
DA:18,0
DA:19,0
DA:20,0
DA:21,0
DA:22,0
DA:23,0
DA:29,0
DA:121,0
DA:165,0
DA:172,0
DA:179,0
DA:181,0
DA:182,0
DA:184,0
DA:185,0
DA:193,0
DA:195,0
DA:206,0
DA:207,0
DA:213,0
DA:215,0
DA:216,0
DA:219,0
DA:226,0
DA:237,0
DA:238,0
DA:239,0
DA:241,0
DA:250,0
DA:251,0
DA:252,0
DA:256,0
DA:258,0
DA:259,0
DA:260,0
DA:262,0
DA:263,0
DA:264,0
DA:269,0
DA:270,0
DA:271,0
DA:277,0
DA:321,0
LF:44
LH:0
BRDA:165,0,0,0
BRDA:165,0,1,0
BRDA:172,1,0,0
BRDA:172,1,1,0
BRDA:178,2,0,0
BRDA:215,3,0,0
BRDA:215,4,0,0
BRDA:215,4,1,0
BRDA:225,5,0,0
BRDA:251,6,0,0
BRDA:251,7,0,0
BRDA:251,7,1,0
BRDA:251,8,0,0
BRDA:251,8,1,0
BRDA:262,9,0,0
BRDA:321,10,0,0
BRDA:321,10,1,0
BRF:17
BRH:0
end_of_record
TN:
SF:client/src/data/sectors.ts
FN:200,getStockSector
FN:207,getStocksBySector
FN:209,(anonymous_2)
FN:210,(anonymous_3)
FN:216,getSectorStats
FN:219,(anonymous_5)
FN:229,isStockMapped
FNF:7
FNH:0
FNDA:0,getStockSector
FNDA:0,getStocksBySector
FNDA:0,(anonymous_2)
FNDA:0,(anonymous_3)
FNDA:0,getSectorStats
FNDA:0,(anonymous_5)
FNDA:0,isStockMapped
DA:8,0
DA:201,0
DA:208,0
DA:209,0
DA:210,0
DA:217,0
DA:219,0
DA:220,0
DA:223,0
DA:230,0
LF:10
LH:0
BRDA:201,0,0,0
BRDA:201,0,1,0
BRDA:220,1,0,0
BRDA:220,1,1,0
BRF:4
BRH:0
end_of_record
TN:
SF:client/src/hooks/use-ai-chat.ts
FN:18,useAiChat
FN:24,(anonymous_8)
FN:24,(anonymous_9)
FN:34,(anonymous_10)
FN:40,(anonymous_11)
FN:53,(anonymous_12)
FN:56,(anonymous_13)
FN:68,(anonymous_14)
FN:84,(anonymous_15)
FN:89,(anonymous_16)
FNF:10
FNH:0
FNDA:0,useAiChat
FNDA:0,(anonymous_8)
FNDA:0,(anonymous_9)
FNDA:0,(anonymous_10)
FNDA:0,(anonymous_11)
FNDA:0,(anonymous_12)
FNDA:0,(anonymous_13)
FNDA:0,(anonymous_14)
FNDA:0,(anonymous_15)
FNDA:0,(anonymous_16)
DA:19,0
DA:20,0
DA:21,0
DA:22,0
DA:24,0
DA:25,0
DA:27,0
DA:34,0
DA:35,0
DA:37,0
DA:38,0
DA:40,0
DA:43,0
DA:45,0
DA:53,0
DA:55,0
DA:56,0
DA:59,0
DA:61,0
DA:68,0
DA:70,0
DA:71,0
DA:73,0
DA:80,0
DA:84,0
DA:85,0
DA:86,0
DA:89,0
DA:90,0
DA:94,0
DA:101,0
DA:104,0
LF:32
LH:0
BRDA:18,0,0,0
BRDA:25,1,0,0
BRDA:25,2,0,0
BRDA:25,2,1,0
BRDA:55,3,0,0
BRDA:70,4,0,0
BRDA:70,4,1,0
BRDA:90,5,0,0
BRDA:90,5,1,0
BRDA:97,6,0,0
BRDA:97,6,1,0
BRF:11
BRH:0
end_of_record
TN:
SF:client/src/hooks/use-alerts.ts
FN:29,useAlerts
FN:43,(anonymous_8)
FN:43,(anonymous_9)
FN:61,(anonymous_10)
FN:75,(anonymous_11)
FN:75,(anonymous_12)
FN:80,(anonymous_13)
FN:80,(anonymous_14)
FN:114,(anonymous_15)
FN:114,(anonymous_16)
FN:144,(anonymous_17)
FN:144,(anonymous_18)
FN:174,(anonymous_19)
FN:174,(anonymous_20)
FN:182,(anonymous_21)
FN:207,(anonymous_22)
FN:207,(anonymous_23)
FN:237,(anonymous_24)
FN:238,(anonymous_25)
FN:242,(anonymous_26)
FN:243,(anonymous_27)
FN:247,(anonymous_28)
FN:248,(anonymous_29)
FN:252,(anonymous_30)
FN:257,(anonymous_31)
FN:260,(anonymous_32)
FN:266,(anonymous_33)
FN:272,(anonymous_34)
FN:279,(anonymous_35)
FN:282,(anonymous_36)
FN:286,(anonymous_37)
FNF:31
FNH:0
FNDA:0,useAlerts
FNDA:0,(anonymous_8)
FNDA:0,(anonymous_9)
FNDA:0,(anonymous_10)
FNDA:0,(anonymous_11)
FNDA:0,(anonymous_12)
FNDA:0,(anonymous_13)
FNDA:0,(anonymous_14)
FNDA:0,(anonymous_15)
FNDA:0,(anonymous_16)
FNDA:0,(anonymous_17)
FNDA:0,(anonymous_18)
FNDA:0,(anonymous_19)
FNDA:0,(anonymous_20)
FNDA:0,(anonymous_21)
FNDA:0,(anonymous_22)
FNDA:0,(anonymous_23)
FNDA:0,(anonymous_24)
FNDA:0,(anonymous_25)
FNDA:0,(anonymous_26)
FNDA:0,(anonymous_27)
FNDA:0,(anonymous_28)
FNDA:0,(anonymous_29)
FNDA:0,(anonymous_30)
FNDA:0,(anonymous_31)
FNDA:0,(anonymous_32)
FNDA:0,(anonymous_33)
FNDA:0,(anonymous_34)
FNDA:0,(anonymous_35)
FNDA:0,(anonymous_36)
FNDA:0,(anonymous_37)
DA:35,0
DA:37,0
DA:38,0
DA:39,0
DA:40,0
DA:43,0
DA:44,0
DA:45,0
DA:46,0
DA:47,0
DA:50,0
DA:51,0
DA:52,0
DA:54,0
DA:60,0
DA:61,0
DA:64,0
DA:65,0
DA:67,0
DA:68,0
DA:70,0
DA:75,0
DA:76,0
DA:80,0
DA:81,0
DA:82,0
DA:84,0
DA:90,0
DA:92,0
DA:95,0
DA:98,0
DA:105,0
DA:107,0
DA:108,0
DA:109,0
DA:114,0
DA:115,0
DA:116,0
DA:118,0
DA:120,0
DA:122,0
DA:125,0
DA:128,0
DA:135,0
DA:137,0
DA:138,0
DA:139,0
DA:144,0
DA:145,0
DA:146,0
DA:148,0
DA:150,0
DA:152,0
DA:155,0
DA:158,0
DA:165,0
DA:167,0
DA:168,0
DA:169,0
DA:174,0
DA:175,0
DA:176,0
DA:178,0
DA:180,0
DA:182,0
DA:183,0
DA:184,0
DA:188,0
DA:191,0
DA:198,0
DA:200,0
DA:201,0
DA:202,0
DA:207,0
DA:208,0
DA:209,0
DA:211,0
DA:212,0
DA:214,0
DA:216,0
DA:218,0
DA:221,0
DA:228,0
DA:230,0
DA:231,0
DA:232,0
DA:237,0
DA:238,0
DA:242,0
DA:243,0
DA:247,0
DA:248,0
DA:252,0
DA:253,0
DA:257,0
DA:258,0
DA:260,0
DA:261,0
DA:263,0
DA:266,0
DA:267,0
DA:269,0
DA:272,0
DA:273,0
DA:274,0
DA:279,0
DA:280,0
DA:282,0
DA:283,0
DA:286,0
DA:289,0
LF:111
LH:0
BRDA:29,0,0,0
BRDA:33,1,0,0
BRDA:34,2,0,0
BRDA:44,3,0,0
BRDA:60,4,0,0
BRDA:60,4,1,0
BRDA:68,5,0,0
BRDA:68,5,1,0
BRDA:90,6,0,0
BRDA:108,7,0,0
BRDA:108,7,1,0
BRDA:120,8,0,0
BRDA:138,9,0,0
BRDA:138,9,1,0
BRDA:150,10,0,0
BRDA:168,11,0,0
BRDA:168,11,1,0
BRDA:180,12,0,0
BRDA:183,13,0,0
BRDA:192,14,0,0
BRDA:192,14,1,0
BRDA:193,15,0,0
BRDA:193,15,1,0
BRDA:201,16,0,0
BRDA:201,16,1,0
BRDA:216,17,0,0
BRDA:223,18,0,0
BRDA:223,18,1,0
BRDA:231,19,0,0
BRDA:231,19,1,0
BRDA:258,20,0,0
BRDA:258,21,0,0
BRDA:258,21,1,0
BRDA:280,22,0,0
BRDA:280,23,0,0
BRDA:280,23,1,0
BRF:36
BRH:0
end_of_record
TN:
SF:client/src/hooks/use-chart-layout.ts
FN:27,useChartLayout
FN:35,(anonymous_1)
FN:49,(anonymous_2)
FN:60,(anonymous_3)
FN:65,(anonymous_4)
FN:66,(anonymous_5)
FN:75,(anonymous_6)
FN:86,(anonymous_7)
FNF:8
FNH:0
FNDA:0,useChartLayout
FNDA:0,(anonymous_1)
FNDA:0,(anonymous_2)
FNDA:0,(anonymous_3)
FNDA:0,(anonymous_4)
FNDA:0,(anonymous_5)
FNDA:0,(anonymous_6)
FNDA:0,(anonymous_7)
DA:10,0
DA:28,0
DA:29,0
DA:32,0
DA:35,0
DA:36,0
DA:37,0
DA:38,0
DA:39,0
DA:40,0
DA:41,0
DA:44,0
DA:49,0
DA:50,0
DA:51,0
DA:52,0
DA:53,0
DA:55,0
DA:60,0
DA:61,0
DA:65,0
DA:66,0
DA:67,0
DA:71,0
DA:75,0
DA:76,0
DA:77,0
DA:78,0
DA:79,0
DA:81,0
DA:86,0
DA:88,0
LF:32
LH:0
BRDA:32,0,0,0
BRDA:32,0,1,0
BRDA:38,1,0,0
BRDA:67,2,0,0
BRDA:67,2,1,0
BRF:5
BRH:0
end_of_record
TN:
SF:client/src/hooks/use-company-logo.ts
FN:38,useCompanyLogo
FN:59,(anonymous_8)
FN:61,(anonymous_9)
FN:61,(anonymous_10)
FN:64,(anonymous_11)
FN:71,(anonymous_12)
FN:98,(anonymous_13)
FN:114,(anonymous_14)
FN:123,(anonymous_15)
FN:124,(anonymous_16)
FN:132,(anonymous_17)
FN:138,(anonymous_18)
FN:144,(anonymous_19)
FN:164,useCompanyLogos
FN:168,(anonymous_21)
FN:169,(anonymous_22)
FN:169,(anonymous_23)
FN:174,(anonymous_24)
FN:192,(anonymous_25)
FN:192,(anonymous_26)
FN:198,(anonymous_27)
FN:215,(anonymous_28)
FN:226,(anonymous_29)
FN:239,(anonymous_30)
FN:251,(anonymous_31)
FN:262,(anonymous_32)
FN:264,(anonymous_33)
FN:265,(anonymous_34)
FN:268,(anonymous_35)
FN:270,(anonymous_36)
FN:271,(anonymous_37)
FN:289,useLogoUtils
FN:290,(anonymous_39)
FN:296,(anonymous_40)
FN:297,(anonymous_41)
FN:299,(anonymous_42)
FN:306,(anonymous_43)
FNF:37
FNH:0
FNDA:0,useCompanyLogo
FNDA:0,(anonymous_8)
FNDA:0,(anonymous_9)
FNDA:0,(anonymous_10)
FNDA:0,(anonymous_11)
FNDA:0,(anonymous_12)
FNDA:0,(anonymous_13)
FNDA:0,(anonymous_14)
FNDA:0,(anonymous_15)
FNDA:0,(anonymous_16)
FNDA:0,(anonymous_17)
FNDA:0,(anonymous_18)
FNDA:0,(anonymous_19)
FNDA:0,useCompanyLogos
FNDA:0,(anonymous_21)
FNDA:0,(anonymous_22)
FNDA:0,(anonymous_23)
FNDA:0,(anonymous_24)
FNDA:0,(anonymous_25)
FNDA:0,(anonymous_26)
FNDA:0,(anonymous_27)
FNDA:0,(anonymous_28)
FNDA:0,(anonymous_29)
FNDA:0,(anonymous_30)
FNDA:0,(anonymous_31)
FNDA:0,(anonymous_32)
FNDA:0,(anonymous_33)
FNDA:0,(anonymous_34)
FNDA:0,(anonymous_35)
FNDA:0,(anonymous_36)
FNDA:0,(anonymous_37)
FNDA:0,useLogoUtils
FNDA:0,(anonymous_39)
FNDA:0,(anonymous_40)
FNDA:0,(anonymous_41)
FNDA:0,(anonymous_42)
FNDA:0,(anonymous_43)
DA:45,0
DA:47,0
DA:56,0
DA:59,0
DA:61,0
DA:62,0
DA:64,0
DA:66,0
DA:68,0
DA:69,0
DA:70,0
DA:71,0
DA:78,0
DA:85,0
DA:86,0
DA:89,0
DA:93,0
DA:94,0
DA:95,0
DA:98,0
DA:107,0
DA:108,0
DA:112,0
DA:114,0
DA:122,0
DA:123,0
DA:124,0
DA:125,0
DA:132,0
DA:133,0
DA:134,0
DA:138,0
DA:139,0
DA:140,0
DA:144,0
DA:145,0
DA:146,0
DA:147,0
DA:148,0
DA:152,0
DA:165,0
DA:166,0
DA:168,0
DA:169,0
DA:170,0
DA:171,0
DA:174,0
DA:175,0
DA:185,0
DA:188,0
DA:189,0
DA:190,0
DA:192,0
DA:193,0
DA:195,0
DA:196,0
DA:197,0
DA:198,0
DA:207,0
DA:211,0
DA:215,0
DA:226,0
DA:238,0
DA:239,0
DA:243,0
DA:246,0
DA:247,0
DA:251,0
DA:252,0
DA:262,0
DA:263,0
DA:264,0
DA:265,0
DA:268,0
DA:269,0
DA:270,0
DA:271,0
DA:274,0
DA:290,0
DA:291,0
DA:292,0
DA:293,0
DA:296,0
DA:297,0
DA:298,0
DA:299,0
DA:300,0
DA:301,0
DA:306,0
DA:308,0
DA:311,0
LF:91
LH:0
BRDA:38,0,0,0
BRDA:40,1,0,0
BRDA:41,2,0,0
BRDA:42,3,0,0
BRDA:43,4,0,0
BRDA:44,5,0,0
BRDA:62,6,0,0
BRDA:68,7,0,0
BRDA:70,8,0,0
BRDA:70,9,0,0
BRDA:70,9,1,0
BRDA:70,10,0,0
BRDA:70,10,1,0
BRDA:85,11,0,0
BRDA:85,11,1,0
BRDA:94,12,0,0
BRDA:107,13,0,0
BRDA:107,14,0,0
BRDA:107,14,1,0
BRDA:112,15,0,0
BRDA:112,15,1,0
BRDA:122,16,0,0
BRDA:122,17,0,0
BRDA:122,17,1,0
BRDA:145,18,0,0
BRDA:164,19,0,0
BRDA:195,20,0,0
BRDA:197,21,0,0
BRDA:197,22,0,0
BRDA:197,22,1,0
BRDA:197,23,0,0
BRDA:197,23,1,0
BRDA:211,24,0,0
BRDA:211,24,1,0
BRDA:231,25,0,0
BRDA:231,25,1,0
BRDA:238,26,0,0
BRDA:246,27,0,0
BRDA:252,28,0,0
BRDA:252,28,1,0
BRDA:264,29,0,0
BRDA:264,29,1,0
BRDA:290,30,0,0
BRF:43
BRH:0
end_of_record
TN:
SF:client/src/hooks/use-enhanced-stocks.ts
FN:6,useStock
FN:9,(anonymous_8)
FN:17,useStocks
FN:20,(anonymous_10)
FN:28,useStockSearch
FN:31,(anonymous_12)
FN:38,useHistoricalData
FN:45,(anonymous_14)
FN:57,useMarketIndices
FN:60,(anonymous_16)
FN:67,useIntrinsicValue
FN:70,(anonymous_18)
FN:77,useCalculateIntrinsicValue
FN:81,(anonymous_20)
FN:82,(anonymous_21)
FN:91,useApiQuota
FN:94,(anonymous_23)
FN:100,useWarmCache
FN:102,(anonymous_25)
FN:107,useRealTimeStocks
FN:112,(anonymous_27)
FN:112,(anonymous_28)
FN:114,(anonymous_29)
FN:116,(anonymous_30)
FN:132,(anonymous_31)
FNF:25
FNH:0
FNDA:0,useStock
FNDA:0,(anonymous_8)
FNDA:0,useStocks
FNDA:0,(anonymous_10)
FNDA:0,useStockSearch
FNDA:0,(anonymous_12)
FNDA:0,useHistoricalData
FNDA:0,(anonymous_14)
FNDA:0,useMarketIndices
FNDA:0,(anonymous_16)
FNDA:0,useIntrinsicValue
FNDA:0,(anonymous_18)
FNDA:0,useCalculateIntrinsicValue
FNDA:0,(anonymous_20)
FNDA:0,(anonymous_21)
FNDA:0,useApiQuota
FNDA:0,(anonymous_23)
FNDA:0,useWarmCache
FNDA:0,(anonymous_25)
FNDA:0,useRealTimeStocks
FNDA:0,(anonymous_27)
FNDA:0,(anonymous_28)
FNDA:0,(anonymous_29)
FNDA:0,(anonymous_30)
FNDA:0,(anonymous_31)
DA:7,0
DA:9,0
DA:18,0
DA:20,0
DA:29,0
DA:31,0
DA:43,0
DA:45,0
DA:58,0
DA:60,0
DA:68,0
DA:70,0
DA:78,0
DA:80,0
DA:81,0
DA:83,0
DA:84,0
DA:92,0
DA:94,0
DA:101,0
DA:102,0
DA:108,0
DA:110,0
DA:112,0
DA:113,0
DA:114,0
DA:116,0
DA:117,0
DA:118,0
DA:126,0
DA:132,0
DA:133,0
LF:32
LH:0
BRDA:6,0,0,0
BRDA:10,1,0,0
BRDA:10,1,1,0
BRDA:40,2,0,0
BRDA:41,3,0,0
BRDA:47,4,0,0
BRDA:47,4,1,0
BRDA:48,5,0,0
BRDA:48,5,1,0
BRDA:49,6,0,0
BRDA:49,6,1,0
BRDA:50,7,0,0
BRDA:50,7,1,0
BRDA:51,8,0,0
BRDA:51,8,1,0
BRDA:83,9,0,0
BRDA:107,10,0,0
BRDA:113,11,0,0
BRDA:113,12,0,0
BRDA:113,12,1,0
BRDA:117,13,0,0
BRDA:128,14,0,0
BRDA:128,14,1,0
BRF:23
BRH:0
end_of_record
TN:
SF:client/src/hooks/use-financial-stream.ts
FN:29,useFinancialStream
FN:50,(anonymous_8)
FN:55,(anonymous_9)
FN:71,(anonymous_10)
FN:78,(anonymous_11)
FN:84,(anonymous_12)
FN:92,(anonymous_13)
FN:98,(anonymous_14)
FN:108,(anonymous_15)
FN:114,(anonymous_16)
FN:125,(anonymous_17)
FN:131,(anonymous_18)
FN:136,(anonymous_19)
FN:144,(anonymous_20)
FN:148,(anonymous_21)
FN:152,(anonymous_22)
FN:152,(anonymous_23)
FN:156,(anonymous_24)
FN:160,(anonymous_25)
FN:169,(anonymous_26)
FN:189,useSymbolStream
FN:220,useMultiSymbolStream
FN:234,(anonymous_29)
FN:241,(anonymous_30)
FN:251,(anonymous_31)
FN:252,(anonymous_32)
FN:257,useConnectionHealth
FN:262,(anonymous_34)
FN:263,(anonymous_35)
FN:278,(anonymous_36)
FN:284,(anonymous_37)
FN:300,(anonymous_38)
FN:308,(anonymous_39)
FN:331,(anonymous_40)
FN:333,(anonymous_41)
FNF:35
FNH:0
FNDA:0,useFinancialStream
FNDA:0,(anonymous_8)
FNDA:0,(anonymous_9)
FNDA:0,(anonymous_10)
FNDA:0,(anonymous_11)
FNDA:0,(anonymous_12)
FNDA:0,(anonymous_13)
FNDA:0,(anonymous_14)
FNDA:0,(anonymous_15)
FNDA:0,(anonymous_16)
FNDA:0,(anonymous_17)
FNDA:0,(anonymous_18)
FNDA:0,(anonymous_19)
FNDA:0,(anonymous_20)
FNDA:0,(anonymous_21)
FNDA:0,(anonymous_22)
FNDA:0,(anonymous_23)
FNDA:0,(anonymous_24)
FNDA:0,(anonymous_25)
FNDA:0,(anonymous_26)
FNDA:0,useSymbolStream
FNDA:0,useMultiSymbolStream
FNDA:0,(anonymous_29)
FNDA:0,(anonymous_30)
FNDA:0,(anonymous_31)
FNDA:0,(anonymous_32)
FNDA:0,useConnectionHealth
FNDA:0,(anonymous_34)
FNDA:0,(anonymous_35)
FNDA:0,(anonymous_36)
FNDA:0,(anonymous_37)
FNDA:0,(anonymous_38)
FNDA:0,(anonymous_39)
FNDA:0,(anonymous_40)
FNDA:0,(anonymous_41)
DA:38,0
DA:40,0
DA:41,0
DA:42,0
DA:43,0
DA:44,0
DA:46,0
DA:47,0
DA:50,0
DA:51,0
DA:52,0
DA:55,0
DA:56,0
DA:59,0
DA:60,0
DA:63,0
DA:64,0
DA:67,0
DA:70,0
DA:71,0
DA:74,0
DA:78,0
DA:79,0
DA:80,0
DA:83,0
DA:84,0
DA:86,0
DA:88,0
DA:92,0
DA:93,0
DA:94,0
DA:98,0
DA:99,0
DA:100,0
DA:104,0
DA:105,0
DA:106,0
DA:107,0
DA:108,0
DA:109,0
DA:113,0
DA:114,0
DA:115,0
DA:116,0
DA:121,0
DA:122,0
DA:125,0
DA:126,0
DA:131,0
DA:132,0
DA:133,0
DA:136,0
DA:137,0
DA:138,0
DA:144,0
DA:145,0
DA:148,0
DA:149,0
DA:152,0
DA:153,0
DA:156,0
DA:157,0
DA:160,0
DA:161,0
DA:162,0
DA:163,0
DA:166,0
DA:169,0
DA:170,0
DA:173,0
DA:196,0
DA:201,0
DA:202,0
DA:203,0
DA:205,0
DA:227,0
DA:234,0
DA:240,0
DA:241,0
DA:243,0
DA:251,0
DA:252,0
DA:258,0
DA:259,0
DA:260,0
DA:262,0
DA:263,0
DA:264,0
DA:265,0
DA:267,0
DA:268,0
DA:271,0
DA:272,0
DA:273,0
DA:274,0
DA:277,0
DA:278,0
DA:280,0
DA:283,0
DA:284,0
DA:285,0
DA:286,0
DA:289,0
DA:292,0
DA:293,0
DA:294,0
DA:296,0
DA:298,0
DA:300,0
DA:301,0
DA:302,0
DA:303,0
DA:304,0
DA:308,0
DA:309,0
DA:310,0
DA:312,0
DA:314,0
DA:324,0
DA:331,0
DA:333,0
LF:121
LH:0
BRDA:32,0,0,0
BRDA:33,1,0,0
BRDA:34,2,0,0
BRDA:51,3,0,0
BRDA:59,4,0,0
BRDA:59,4,1,0
BRDA:63,5,0,0
BRDA:74,6,0,0
BRDA:74,6,1,0
BRDA:74,7,0,0
BRDA:74,7,1,0
BRDA:88,8,0,0
BRDA:88,8,1,0
BRDA:88,9,0,0
BRDA:88,9,1,0
BRDA:100,10,0,0
BRDA:100,10,1,0
BRDA:100,11,0,0
BRDA:100,11,1,0
BRDA:113,12,0,0
BRDA:116,13,0,0
BRDA:116,13,1,0
BRDA:116,14,0,0
BRDA:116,14,1,0
BRDA:132,15,0,0
BRDA:137,16,0,0
BRDA:161,17,0,0
BRDA:163,18,0,0
BRDA:163,18,1,0
BRDA:166,19,0,0
BRDA:166,19,1,0
BRDA:212,20,0,0
BRDA:212,20,1,0
BRDA:212,21,0,0
BRDA:212,21,1,0
BRDA:212,22,0,0
BRDA:212,22,1,0
BRDA:213,23,0,0
BRDA:213,23,1,0
BRDA:213,24,0,0
BRDA:213,24,1,0
BRDA:213,25,0,0
BRDA:213,25,1,0
BRDA:214,26,0,0
BRDA:214,26,1,0
BRDA:214,27,0,0
BRDA:214,27,1,0
BRDA:214,28,0,0
BRDA:214,28,1,0
BRDA:215,29,0,0
BRDA:215,29,1,0
BRDA:215,30,0,0
BRDA:215,30,1,0
BRDA:215,31,0,0
BRDA:215,31,1,0
BRDA:272,32,0,0
BRDA:285,33,0,0
BRDA:286,34,0,0
BRDA:312,35,0,0
BRDA:312,36,0,0
BRDA:312,36,1,0
BRF:61
BRH:0
end_of_record
TN:
SF:client/src/hooks/use-mobile.tsx
FN:5,useIsMobile
FN:8,(anonymous_1)
FN:10,(anonymous_2)
FN:15,(anonymous_3)
FNF:4
FNH:0
FNDA:0,useIsMobile
FNDA:0,(anonymous_1)
FNDA:0,(anonymous_2)
FNDA:0,(anonymous_3)
DA:3,0
DA:6,0
DA:8,0
DA:9,0
DA:10,0
DA:11,0
DA:13,0
DA:14,0
DA:15,0
DA:18,0
DA:22,0
LF:11
LH:0
BRF:0
BRH:0
end_of_record
TN:
SF:client/src/hooks/use-performance-monitor.ts
FN:18,usePerformanceMonitor
FN:40,(anonymous_8)
FN:46,(anonymous_9)
FN:79,(anonymous_10)
FN:88,(anonymous_11)
FN:101,useDataLoadingPerformance
FN:116,(anonymous_13)
FN:118,(anonymous_14)
FN:121,(anonymous_15)
FN:124,(anonymous_16)
FN:140,useMemoryMonitor
FN:153,(anonymous_18)
FN:156,(anonymous_19)
FN:173,(anonymous_20)
FN:180,(anonymous_21)
FN:189,(anonymous_22)
FN:189,(anonymous_23)
FN:199,(anonymous_24)
FN:209,(anonymous_25)
FN:210,(anonymous_26)
FN:221,(anonymous_27)
FN:234,useProfiler
FN:235,(anonymous_29)
FNF:23
FNH:0
FNDA:0,usePerformanceMonitor
FNDA:0,(anonymous_8)
FNDA:0,(anonymous_9)
FNDA:0,(anonymous_10)
FNDA:0,(anonymous_11)
FNDA:0,useDataLoadingPerformance
FNDA:0,(anonymous_13)
FNDA:0,(anonymous_14)
FNDA:0,(anonymous_15)
FNDA:0,(anonymous_16)
FNDA:0,useMemoryMonitor
FNDA:0,(anonymous_18)
FNDA:0,(anonymous_19)
FNDA:0,(anonymous_20)
FNDA:0,(anonymous_21)
FNDA:0,(anonymous_22)
FNDA:0,(anonymous_23)
FNDA:0,(anonymous_24)
FNDA:0,(anonymous_25)
FNDA:0,(anonymous_26)
FNDA:0,(anonymous_27)
FNDA:0,useProfiler
FNDA:0,(anonymous_29)
DA:27,0
DA:29,0
DA:30,0
DA:31,0
DA:32,0
DA:40,0
DA:41,0
DA:42,0
DA:46,0
DA:47,0
DA:49,0
DA:50,0
DA:52,0
DA:63,0
DA:64,0
DA:65,0
DA:68,0
DA:71,0
DA:72,0
DA:75,0
DA:79,0
DA:80,0
DA:81,0
DA:84,0
DA:89,0
DA:90,0
DA:102,0
DA:114,0
DA:116,0
DA:117,0
DA:118,0
DA:121,0
DA:122,0
DA:124,0
DA:132,0
DA:141,0
DA:151,0
DA:153,0
DA:154,0
DA:156,0
DA:157,0
DA:158,0
DA:160,0
DA:161,0
DA:162,0
DA:166,0
DA:167,0
DA:173,0
DA:180,0
DA:183,0
DA:187,0
DA:189,0
DA:190,0
DA:191,0
DA:192,0
DA:194,0
DA:195,0
DA:200,0
DA:201,0
DA:202,0
DA:204,0
DA:205,0
DA:210,0
DA:211,0
DA:212,0
DA:213,0
DA:214,0
DA:216,0
DA:222,0
DA:223,0
DA:224,0
DA:235,0
DA:244,0
DA:245,0
DA:249,0
DA:250,0
DA:254,0
LF:77
LH:0
BRDA:20,0,0,0
BRDA:23,1,0,0
BRDA:24,2,0,0
BRDA:25,3,0,0
BRDA:41,4,0,0
BRDA:47,5,0,0
BRDA:57,6,0,0
BRDA:57,6,1,0
BRDA:63,7,0,0
BRDA:63,8,0,0
BRDA:63,8,1,0
BRDA:71,9,0,0
BRDA:71,10,0,0
BRDA:71,10,1,0
BRDA:121,11,0,0
BRDA:121,12,0,0
BRDA:122,13,0,0
BRDA:122,13,1,0
BRDA:128,14,0,0
BRDA:128,14,1,0
BRDA:140,15,0,0
BRDA:154,16,0,0
BRDA:161,17,0,0
BRDA:167,18,0,0
BRDA:167,18,1,0
BRDA:168,19,0,0
BRDA:168,19,1,0
BRDA:169,20,0,0
BRDA:169,20,1,0
BRDA:212,21,0,0
BRDA:212,22,0,0
BRDA:212,22,1,0
BRDA:222,23,0,0
BRDA:244,24,0,0
BRDA:249,25,0,0
BRF:35
BRH:0
end_of_record
TN:
SF:client/src/hooks/use-pwa.ts
FN:8,(anonymous_7)
FN:16,(anonymous_8)
FN:23,(anonymous_9)
FN:30,(anonymous_10)
FN:37,(anonymous_11)
FN:38,(anonymous_12)
FN:47,(anonymous_13)
FN:51,(anonymous_14)
FN:55,(anonymous_15)
FN:58,(anonymous_16)
FN:68,(anonymous_17)
FN:75,(anonymous_18)
FN:83,(anonymous_19)
FN:83,(anonymous_20)
FN:98,(anonymous_21)
FN:104,(anonymous_22)
FN:104,(anonymous_23)
FN:121,(anonymous_24)
FN:121,(anonymous_25)
FN:160,urlBase64ToUint8Array
FNF:20
FNH:0
FNDA:0,(anonymous_7)
FNDA:0,(anonymous_8)
FNDA:0,(anonymous_9)
FNDA:0,(anonymous_10)
FNDA:0,(anonymous_11)
FNDA:0,(anonymous_12)
FNDA:0,(anonymous_13)
FNDA:0,(anonymous_14)
FNDA:0,(anonymous_15)
FNDA:0,(anonymous_16)
FNDA:0,(anonymous_17)
FNDA:0,(anonymous_18)
FNDA:0,(anonymous_19)
FNDA:0,(anonymous_20)
FNDA:0,(anonymous_21)
FNDA:0,(anonymous_22)
FNDA:0,(anonymous_23)
FNDA:0,(anonymous_24)
FNDA:0,(anonymous_25)
FNDA:0,urlBase64ToUint8Array
DA:8,0
DA:9,0
DA:10,0
DA:11,0
DA:12,0
DA:13,0
DA:14,0
DA:16,0
DA:18,0
DA:19,0
DA:23,0
DA:24,0
DA:25,0
DA:26,0
DA:30,0
DA:31,0
DA:32,0
DA:33,0
DA:37,0
DA:38,0
DA:40,0
DA:41,0
DA:42,0
DA:43,0
DA:46,0
DA:47,0
DA:48,0
DA:51,0
DA:52,0
DA:55,0
DA:56,0
DA:57,0
DA:58,0
DA:59,0
DA:60,0
DA:68,0
DA:69,0
DA:70,0
DA:75,0
DA:76,0
DA:77,0
DA:78,0
DA:79,0
DA:83,0
DA:84,0
DA:86,0
DA:87,0
DA:89,0
DA:90,0
DA:91,0
DA:92,0
DA:95,0
DA:98,0
DA:99,0
DA:100,0
DA:104,0
DA:105,0
DA:106,0
DA:109,0
DA:110,0
DA:113,0
DA:114,0
DA:115,0
DA:118,0
DA:121,0
DA:122,0
DA:124,0
DA:125,0
DA:126,0
DA:129,0
DA:130,0
DA:131,0
DA:132,0
DA:135,0
DA:140,0
DA:142,0
DA:143,0
DA:147,0
DA:161,0
DA:162,0
DA:166,0
DA:167,0
DA:169,0
DA:170,0
DA:172,0
LF:85
LH:0
BRDA:18,0,0,0
BRDA:46,1,0,0
BRDA:57,2,0,0
BRDA:59,3,0,0
BRDA:59,4,0,0
BRDA:59,4,1,0
BRDA:69,5,0,0
BRDA:69,6,0,0
BRDA:69,6,1,0
BRDA:84,7,0,0
BRDA:89,8,0,0
BRDA:99,9,0,0
BRDA:99,10,0,0
BRDA:99,10,1,0
BRDA:105,11,0,0
BRDA:109,12,0,0
BRDA:113,13,0,0
BRDA:122,14,0,0
BRDA:126,15,0,0
BRDA:130,16,0,0
BRF:20
BRH:0
end_of_record
TN:
SF:client/src/hooks/use-real-time-price.ts
FN:25,useRealTimePrice
FN:32,(anonymous_8)
FN:32,(anonymous_9)
FN:49,(anonymous_10)
FN:54,useBatchPrices
FN:60,(anonymous_12)
FN:60,(anonymous_13)
FN:80,(anonymous_14)
FN:85,useMultiplePrices
FN:90,(anonymous_16)
FN:92,(anonymous_17)
FN:92,(anonymous_18)
FN:108,(anonymous_19)
FN:114,(anonymous_20)
FN:115,(anonymous_21)
FN:117,(anonymous_22)
FN:118,(anonymous_23)
FN:119,(anonymous_24)
FN:131,useStockPrice
FN:166,formatPrice
FN:177,formatChangePercent
FN:184,formatVolume
FNF:22
FNH:0
FNDA:0,useRealTimePrice
FNDA:0,(anonymous_8)
FNDA:0,(anonymous_9)
FNDA:0,(anonymous_10)
FNDA:0,useBatchPrices
FNDA:0,(anonymous_12)
FNDA:0,(anonymous_13)
FNDA:0,(anonymous_14)
FNDA:0,useMultiplePrices
FNDA:0,(anonymous_16)
FNDA:0,(anonymous_17)
FNDA:0,(anonymous_18)
FNDA:0,(anonymous_19)
FNDA:0,(anonymous_20)
FNDA:0,(anonymous_21)
FNDA:0,(anonymous_22)
FNDA:0,(anonymous_23)
FNDA:0,(anonymous_24)
FNDA:0,useStockPrice
FNDA:0,formatPrice
FNDA:0,formatChangePercent
FNDA:0,formatVolume
DA:22,0
DA:30,0
DA:32,0
DA:33,0
DA:34,0
DA:38,0
DA:39,0
DA:42,0
DA:49,0
DA:58,0
DA:60,0
DA:61,0
DA:69,0
DA:70,0
DA:73,0
DA:80,0
DA:89,0
DA:90,0
DA:92,0
DA:93,0
DA:97,0
DA:98,0
DA:101,0
DA:108,0
DA:113,0
DA:114,0
DA:115,0
DA:117,0
DA:118,0
DA:119,0
DA:121,0
DA:135,0
DA:138,0
DA:139,0
DA:156,0
DA:167,0
DA:168,0
DA:178,0
DA:179,0
DA:180,0
DA:185,0
DA:187,0
DA:188,0
DA:189,0
DA:190,0
DA:191,0
DA:192,0
DA:195,0
LF:48
LH:0
BRDA:22,0,0,0
BRDA:22,0,1,0
BRDA:33,1,0,0
BRDA:33,1,1,0
BRDA:33,2,0,0
BRDA:33,2,1,0
BRDA:33,3,0,0
BRDA:33,3,1,0
BRDA:38,4,0,0
BRDA:38,5,0,0
BRDA:38,5,1,0
BRDA:39,6,0,0
BRDA:39,6,1,0
BRDA:44,7,0,0
BRDA:44,7,1,0
BRDA:44,8,0,0
BRDA:44,8,1,0
BRDA:44,9,0,0
BRDA:44,9,1,0
BRDA:44,10,0,0
BRDA:44,10,1,0
BRDA:45,11,0,0
BRDA:45,11,1,0
BRDA:45,12,0,0
BRDA:45,12,1,0
BRDA:45,13,0,0
BRDA:45,13,1,0
BRDA:45,14,0,0
BRDA:45,14,1,0
BRDA:69,15,0,0
BRDA:69,16,0,0
BRDA:69,16,1,0
BRDA:70,17,0,0
BRDA:70,17,1,0
BRDA:75,18,0,0
BRDA:75,18,1,0
BRDA:75,19,0,0
BRDA:75,19,1,0
BRDA:75,20,0,0
BRDA:75,20,1,0
BRDA:75,21,0,0
BRDA:75,21,1,0
BRDA:75,22,0,0
BRDA:75,22,1,0
BRDA:76,23,0,0
BRDA:76,23,1,0
BRDA:76,24,0,0
BRDA:76,24,1,0
BRDA:76,25,0,0
BRDA:76,25,1,0
BRDA:76,26,0,0
BRDA:76,26,1,0
BRDA:97,27,0,0
BRDA:97,28,0,0
BRDA:97,28,1,0
BRDA:98,29,0,0
BRDA:98,29,1,0
BRDA:103,30,0,0
BRDA:103,30,1,0
BRDA:103,31,0,0
BRDA:103,31,1,0
BRDA:103,32,0,0
BRDA:103,32,1,0
BRDA:103,33,0,0
BRDA:103,33,1,0
BRDA:104,34,0,0
BRDA:104,34,1,0
BRDA:104,35,0,0
BRDA:104,35,1,0
BRDA:104,36,0,0
BRDA:104,36,1,0
BRDA:104,37,0,0
BRDA:104,37,1,0
BRDA:119,38,0,0
BRDA:119,38,1,0
BRDA:119,39,0,0
BRDA:119,39,1,0
BRDA:138,40,0,0
BRDA:138,41,0,0
BRDA:138,41,1,0
BRDA:138,42,0,0
BRDA:138,42,1,0
BRDA:138,43,0,0
BRDA:138,43,1,0
BRDA:167,44,0,0
BRDA:167,45,0,0
BRDA:167,45,1,0
BRDA:178,46,0,0
BRDA:178,47,0,0
BRDA:178,47,1,0
BRDA:179,48,0,0
BRDA:179,48,1,0
BRDA:185,49,0,0
BRDA:185,50,0,0
BRDA:185,50,1,0
BRDA:187,51,0,0
BRDA:187,51,1,0
BRDA:189,52,0,0
BRDA:189,52,1,0
BRDA:191,53,0,0
BRF:100
BRH:0
end_of_record
TN:
SF:client/src/hooks/use-real-time-stocks.ts
FN:30,useRealTimeStocks
FN:42,(anonymous_8)
FN:42,(anonymous_9)
FN:74,(anonymous_10)
FN:74,(anonymous_11)
FN:83,(anonymous_12)
FN:93,(anonymous_13)
FN:106,(anonymous_14)
FN:120,(anonymous_15)
FN:137,useRealTimeStock
FNF:10
FNH:0
FNDA:0,useRealTimeStocks
FNDA:0,(anonymous_8)
FNDA:0,(anonymous_9)
FNDA:0,(anonymous_10)
FNDA:0,(anonymous_11)
FNDA:0,(anonymous_12)
FNDA:0,(anonymous_13)
FNDA:0,(anonymous_14)
FNDA:0,(anonymous_15)
FNDA:0,useRealTimeStock
DA:35,0
DA:36,0
DA:37,0
DA:38,0
DA:39,0
DA:40,0
DA:42,0
DA:43,0
DA:45,0
DA:46,0
DA:47,0
DA:49,0
DA:51,0
DA:52,0
DA:53,0
DA:54,0
DA:67,0
DA:69,0
DA:70,0
DA:74,0
DA:75,0
DA:77,0
DA:78,0
DA:79,0
DA:82,0
DA:83,0
DA:84,0
DA:85,0
DA:86,0
DA:88,0
DA:91,0
DA:92,0
DA:93,0
DA:96,0
DA:97,0
DA:99,0
DA:100,0
DA:101,0
DA:106,0
DA:107,0
DA:108,0
DA:109,0
DA:113,0
DA:116,0
DA:117,0
DA:120,0
DA:121,0
DA:122,0
DA:127,0
DA:138,0
DA:144,0
LF:51
LH:0
BRDA:32,0,0,0
BRDA:33,1,0,0
BRDA:43,2,0,0
BRDA:53,3,0,0
BRDA:55,4,0,0
BRDA:55,4,1,0
BRDA:56,5,0,0
BRDA:56,5,1,0
BRDA:57,6,0,0
BRDA:57,6,1,0
BRDA:57,6,2,0
BRDA:58,7,0,0
BRDA:58,7,1,0
BRDA:59,8,0,0
BRDA:59,8,1,0
BRDA:60,9,0,0
BRDA:60,9,1,0
BRDA:61,10,0,0
BRDA:61,10,1,0
BRDA:75,11,0,0
BRDA:75,12,0,0
BRDA:75,12,1,0
BRDA:85,13,0,0
BRDA:85,14,0,0
BRDA:85,14,1,0
BRDA:91,15,0,0
BRDA:99,16,0,0
BRDA:99,16,1,0
BRDA:107,17,0,0
BRDA:107,18,0,0
BRDA:107,18,1,0
BRDA:116,19,0,0
BRDA:121,20,0,0
BRDA:139,21,0,0
BRDA:139,21,1,0
BRDA:145,22,0,0
BRDA:145,22,1,0
BRDA:145,23,0,0
BRDA:145,23,1,0
BRDA:149,24,0,0
BRDA:149,24,1,0
BRF:41
BRH:0
end_of_record
TN:
SF:client/src/hooks/use-stock-sector.ts
FN:13,useStockSector
FN:14,(anonymous_1)
FN:39,useSectorStocks
FN:40,(anonymous_3)
FN:56,useSectorStats
FN:57,(anonymous_5)
FN:59,(anonymous_6)
FN:62,(anonymous_7)
FN:69,(anonymous_8)
FN:84,useStocksBySector
FN:85,(anonymous_10)
FN:94,(anonymous_11)
FN:107,groupStocksBySector
FN:110,(anonymous_13)
FN:124,useSectorPerformance
FN:125,(anonymous_15)
FN:144,(anonymous_16)
FN:145,(anonymous_17)
FN:149,(anonymous_18)
FN:153,(anonymous_19)
FN:168,(anonymous_20)
FN:171,(anonymous_21)
FN:187,useSectorColors
FN:188,(anonymous_23)
FN:189,(anonymous_24)
FN:190,(anonymous_25)
FN:191,(anonymous_26)
FN:193,(anonymous_27)
FN:211,useSectorValidation
FN:212,(anonymous_29)
FN:213,(anonymous_30)
FN:217,(anonymous_31)
FN:226,(anonymous_32)
FN:227,(anonymous_33)
FNF:34
FNH:0
FNDA:0,useStockSector
FNDA:0,(anonymous_1)
FNDA:0,useSectorStocks
FNDA:0,(anonymous_3)
FNDA:0,useSectorStats
FNDA:0,(anonymous_5)
FNDA:0,(anonymous_6)
FNDA:0,(anonymous_7)
FNDA:0,(anonymous_8)
FNDA:0,useStocksBySector
FNDA:0,(anonymous_10)
FNDA:0,(anonymous_11)
FNDA:0,groupStocksBySector
FNDA:0,(anonymous_13)
FNDA:0,useSectorPerformance
FNDA:0,(anonymous_15)
FNDA:0,(anonymous_16)
FNDA:0,(anonymous_17)
FNDA:0,(anonymous_18)
FNDA:0,(anonymous_19)
FNDA:0,(anonymous_20)
FNDA:0,(anonymous_21)
FNDA:0,useSectorColors
FNDA:0,(anonymous_23)
FNDA:0,(anonymous_24)
FNDA:0,(anonymous_25)
FNDA:0,(anonymous_26)
FNDA:0,(anonymous_27)
FNDA:0,useSectorValidation
FNDA:0,(anonymous_29)
FNDA:0,(anonymous_30)
FNDA:0,(anonymous_31)
FNDA:0,(anonymous_32)
FNDA:0,(anonymous_33)
DA:14,0
DA:15,0
DA:16,0
DA:17,0
DA:18,0
DA:20,0
DA:40,0
DA:41,0
DA:42,0
DA:44,0
DA:57,0
DA:58,0
DA:59,0
DA:61,0
DA:62,0
DA:69,0
DA:71,0
DA:85,0
DA:86,0
DA:87,0
DA:94,0
DA:96,0
DA:108,0
DA:110,0
DA:111,0
DA:112,0
DA:113,0
DA:115,0
DA:118,0
DA:125,0
DA:126,0
DA:127,0
DA:134,0
DA:142,0
DA:144,0
DA:145,0
DA:147,0
DA:149,0
DA:150,0
DA:153,0
DA:154,0
DA:157,0
DA:167,0
DA:168,0
DA:169,0
DA:171,0
DA:172,0
DA:175,0
DA:188,0
DA:189,0
DA:190,0
DA:191,0
DA:193,0
DA:194,0
DA:195,0
DA:198,0
DA:212,0
DA:213,0
DA:214,0
DA:217,0
DA:218,0
DA:219,0
DA:226,0
DA:227,0
DA:229,0
LF:65
LH:0
BRDA:75,0,0,0
BRDA:75,0,1,0
BRDA:75,1,0,0
BRDA:75,1,1,0
BRDA:86,2,0,0
BRDA:112,3,0,0
BRDA:126,4,0,0
BRDA:147,5,0,0
BRDA:150,6,0,0
BRDA:150,6,1,0
BRDA:150,7,0,0
BRDA:150,7,1,0
BRDA:150,8,0,0
BRDA:150,8,1,0
BRDA:154,9,0,0
BRDA:154,9,1,0
BRDA:154,10,0,0
BRDA:154,10,1,0
BRDA:154,11,0,0
BRDA:154,11,1,0
BRDA:169,12,0,0
BRDA:169,12,1,0
BRDA:172,13,0,0
BRDA:172,13,1,0
BRDA:189,14,0,0
BRDA:189,14,1,0
BRDA:189,15,0,0
BRDA:189,15,1,0
BRDA:189,16,0,0
BRDA:189,16,1,0
BRDA:190,17,0,0
BRDA:190,17,1,0
BRDA:190,18,0,0
BRDA:190,18,1,0
BRDA:190,19,0,0
BRDA:190,19,1,0
BRDA:191,20,0,0
BRDA:191,20,1,0
BRDA:191,21,0,0
BRDA:191,21,1,0
BRDA:191,22,0,0
BRDA:191,22,1,0
BRF:42
BRH:0
end_of_record
TN:
SF:client/src/hooks/use-toast.ts
FN:27,genId
FN:58,(anonymous_2)
FN:63,(anonymous_3)
FN:74,(anonymous_4)
FN:85,(anonymous_5)
FN:98,(anonymous_6)
FN:105,(anonymous_7)
FN:124,(anonymous_8)
FN:133,dispatch
FN:135,(anonymous_10)
FN:142,toast
FN:145,(anonymous_12)
FN:150,(anonymous_13)
FN:158,(anonymous_14)
FN:171,useToast
FN:174,(anonymous_16)
FN:176,(anonymous_17)
FN:187,(anonymous_18)
FNF:18
FNH:0
FNDA:0,genId
FNDA:0,(anonymous_2)
FNDA:0,(anonymous_3)
FNDA:0,(anonymous_4)
FNDA:0,(anonymous_5)
FNDA:0,(anonymous_6)
FNDA:0,(anonymous_7)
FNDA:0,(anonymous_8)
FNDA:0,dispatch
FNDA:0,(anonymous_10)
FNDA:0,toast
FNDA:0,(anonymous_12)
FNDA:0,(anonymous_13)
FNDA:0,(anonymous_14)
FNDA:0,useToast
FNDA:0,(anonymous_16)
FNDA:0,(anonymous_17)
FNDA:0,(anonymous_18)
DA:8,0
DA:9,0
DA:18,0
DA:25,0
DA:28,0
DA:29,0
DA:56,0
DA:58,0
DA:59,0
DA:60,0
DA:63,0
DA:64,0
DA:65,0
DA:71,0
DA:74,0
DA:75,0
DA:77,0
DA:83,0
DA:86,0
DA:91,0
DA:95,0
DA:96,0
DA:98,0
DA:99,0
DA:103,0
DA:106,0
DA:116,0
DA:117,0
DA:122,0
DA:124,0
DA:129,0
DA:131,0
DA:134,0
DA:135,0
DA:136,0
DA:142,0
DA:143,0
DA:145,0
DA:146,0
DA:150,0
DA:152,0
DA:159,0
DA:164,0
DA:172,0
DA:174,0
DA:175,0
DA:176,0
DA:177,0
DA:178,0
DA:179,0
DA:184,0
DA:187,0
LF:52
LH:0
BRDA:59,0,0,0
BRDA:75,1,0,0
BRDA:75,1,1,0
BRDA:75,1,2,0
BRDA:75,1,3,0
BRDA:86,2,0,0
BRDA:86,2,1,0
BRDA:95,3,0,0
BRDA:95,3,1,0
BRDA:106,4,0,0
BRDA:106,4,1,0
BRDA:106,5,0,0
BRDA:106,5,1,0
BRDA:116,6,0,0
BRDA:159,7,0,0
BRDA:178,8,0,0
BRF:16
BRH:0
end_of_record
TN:
SF:client/src/hooks/use-token-counter.ts
FN:14,useTokenCounter
FN:18,(anonymous_8)
FN:21,(anonymous_9)
FN:45,(anonymous_10)
FN:49,(anonymous_11)
FN:74,(anonymous_12)
FN:76,(anonymous_13)
FN:99,(anonymous_14)
FNF:8
FNH:0
FNDA:0,useTokenCounter
FNDA:0,(anonymous_8)
FNDA:0,(anonymous_9)
FNDA:0,(anonymous_10)
FNDA:0,(anonymous_11)
FNDA:0,(anonymous_12)
FNDA:0,(anonymous_13)
FNDA:0,(anonymous_14)
DA:15,0
DA:16,0
DA:18,0
DA:21,0
DA:22,0
DA:23,0
DA:25,0
DA:26,0
DA:31,0
DA:33,0
DA:34,0
DA:35,0
DA:37,0
DA:39,0
DA:41,0
DA:45,0
DA:49,0
DA:50,0
DA:51,0
DA:53,0
DA:54,0
DA:60,0
DA:62,0
DA:63,0
DA:64,0
DA:66,0
DA:68,0
DA:70,0
DA:74,0
DA:76,0
DA:77,0
DA:78,0
DA:80,0
DA:81,0
DA:85,0
DA:87,0
DA:88,0
DA:89,0
DA:91,0
DA:93,0
DA:95,0
DA:99,0
DA:100,0
DA:101,0
DA:104,0
LF:45
LH:0
BRDA:33,0,0,0
BRDA:33,0,1,0
BRDA:33,1,0,0
BRDA:33,1,1,0
BRDA:33,2,0,0
BRDA:33,2,1,0
BRDA:33,3,0,0
BRDA:33,3,1,0
BRDA:35,4,0,0
BRDA:35,4,1,0
BRDA:62,5,0,0
BRDA:62,5,1,0
BRDA:62,6,0,0
BRDA:62,6,1,0
BRDA:62,7,0,0
BRDA:62,7,1,0
BRDA:62,8,0,0
BRDA:62,8,1,0
BRDA:64,9,0,0
BRDA:64,9,1,0
BRDA:87,10,0,0
BRDA:87,10,1,0
BRDA:87,11,0,0
BRDA:87,11,1,0
BRDA:87,12,0,0
BRDA:87,12,1,0
BRDA:87,13,0,0
BRDA:87,13,1,0
BRDA:89,14,0,0
BRDA:89,14,1,0
BRF:30
BRH:0
end_of_record
TN:
SF:client/src/i18n/config.ts
FNF:0
FNH:0
DA:6,0
LF:1
LH:0
BRF:0
BRH:0
end_of_record
TN:
SF:client/src/lib/analytics.ts
FN:35,initializeAnalytics
FN:51,(anonymous_1)
FN:67,trackPageView
FN:82,trackEvent
FN:99,trackConversion
FN:118,(anonymous_5)
FN:125,(anonymous_6)
FN:134,(anonymous_7)
FN:145,(anonymous_8)
FN:158,(anonymous_9)
FN:166,(anonymous_10)
FN:178,(anonymous_11)
FN:186,(anonymous_12)
FN:198,(anonymous_13)
FN:208,(anonymous_14)
FN:216,(anonymous_15)
FN:225,(anonymous_16)
FN:233,(anonymous_17)
FN:243,useAnalytics
FN:244,(anonymous_19)
FN:248,(anonymous_20)
FN:266,startPageTimer
FN:270,endPageTimer
FN:285,trackRouteChange
FNF:24
FNH:0
FNDA:0,initializeAnalytics
FNDA:0,(anonymous_1)
FNDA:0,trackPageView
FNDA:0,trackEvent
FNDA:0,trackConversion
FNDA:0,(anonymous_5)
FNDA:0,(anonymous_6)
FNDA:0,(anonymous_7)
FNDA:0,(anonymous_8)
FNDA:0,(anonymous_9)
FNDA:0,(anonymous_10)
FNDA:0,(anonymous_11)
FNDA:0,(anonymous_12)
FNDA:0,(anonymous_13)
FNDA:0,(anonymous_14)
FNDA:0,(anonymous_15)
FNDA:0,(anonymous_16)
FNDA:0,(anonymous_17)
FNDA:0,useAnalytics
FNDA:0,(anonymous_19)
FNDA:0,(anonymous_20)
FNDA:0,startPageTimer
FNDA:0,endPageTimer
FNDA:0,trackRouteChange
DA:14,0
DA:15,0
DA:36,0
DA:37,0
DA:38,0
DA:41,0
DA:44,0
DA:45,0
DA:46,0
DA:47,0
DA:50,0
DA:51,0
DA:52,0
DA:56,0
DA:57,0
DA:63,0
DA:68,0
DA:69,0
DA:70,0
DA:73,0
DA:75,0
DA:83,0
DA:84,0
DA:85,0
DA:88,0
DA:90,0
DA:100,0
DA:101,0
DA:102,0
DA:105,0
DA:107,0
DA:116,0
DA:119,0
DA:126,0
DA:135,0
DA:146,0
DA:159,0
DA:167,0
DA:179,0
DA:187,0
DA:199,0
DA:209,0
DA:217,0
DA:226,0
DA:234,0
DA:244,0
DA:245,0
DA:248,0
DA:249,0
DA:256,0
DA:264,0
DA:267,0
DA:271,0
DA:273,0
DA:274,0
DA:275,0
DA:286,0
DA:287,0
DA:288,0
DA:289,0
LF:60
LH:0
BRDA:14,0,0,0
BRDA:14,0,1,0
BRDA:36,1,0,0
BRDA:41,2,0,0
BRDA:50,3,0,0
BRDA:50,3,1,0
BRDA:68,4,0,0
BRDA:73,5,0,0
BRDA:73,6,0,0
BRDA:73,6,1,0
BRDA:77,7,0,0
BRDA:77,7,1,0
BRDA:83,8,0,0
BRDA:88,9,0,0
BRDA:88,10,0,0
BRDA:88,10,1,0
BRDA:99,11,0,0
BRDA:100,12,0,0
BRDA:105,13,0,0
BRDA:105,14,0,0
BRDA:105,14,1,0
BRDA:118,15,0,0
BRDA:125,16,0,0
BRDA:271,17,0,0
BRDA:274,18,0,0
BRDA:286,19,0,0
BRDA:286,19,1,0
BRF:27
BRH:0
end_of_record
TN:
SF:client/src/lib/api-rotation.ts
FN:71,(anonymous_7)
FN:76,(anonymous_8)
FN:80,(anonymous_9)
FN:90,(anonymous_10)
FN:95,(anonymous_11)
FN:108,(anonymous_12)
FN:111,(anonymous_13)
FN:123,(anonymous_14)
FN:124,(anonymous_15)
FN:135,(anonymous_16)
FN:144,(anonymous_17)
FN:218,(anonymous_19)
FN:238,(anonymous_20)
FN:240,(anonymous_21)
FN:249,(anonymous_22)
FN:256,(anonymous_23)
FN:257,(anonymous_24)
FN:261,(anonymous_25)
FN:262,(anonymous_26)
FNF:19
FNH:0
FNDA:0,(anonymous_7)
FNDA:0,(anonymous_8)
FNDA:0,(anonymous_9)
FNDA:0,(anonymous_10)
FNDA:0,(anonymous_11)
FNDA:0,(anonymous_12)
FNDA:0,(anonymous_13)
FNDA:0,(anonymous_14)
FNDA:0,(anonymous_15)
FNDA:0,(anonymous_16)
FNDA:0,(anonymous_17)
FNDA:0,(anonymous_19)
FNDA:0,(anonymous_20)
FNDA:0,(anonymous_21)
FNDA:0,(anonymous_22)
FNDA:0,(anonymous_23)
FNDA:0,(anonymous_24)
FNDA:0,(anonymous_25)
FNDA:0,(anonymous_26)
DA:25,0
DA:69,0
DA:72,0
DA:73,0
DA:77,0
DA:78,0
DA:80,0
DA:81,0
DA:82,0
DA:83,0
DA:87,0
DA:91,0
DA:92,0
DA:93,0
DA:94,0
DA:95,0
DA:96,0
DA:97,0
DA:98,0
DA:99,0
DA:104,0
DA:109,0
DA:110,0
DA:111,0
DA:112,0
DA:117,0
DA:119,0
DA:124,0
DA:125,0
DA:130,0
DA:131,0
DA:135,0
DA:136,0
DA:137,0
DA:138,0
DA:141,0
DA:150,0
DA:151,0
DA:153,0
DA:154,0
DA:155,0
DA:159,0
DA:161,0
DA:162,0
DA:163,0
DA:166,0
DA:167,0
DA:168,0
DA:170,0
DA:172,0
DA:173,0
DA:176,0
DA:179,0
DA:188,0
DA:189,0
DA:192,0
DA:200,0
DA:202,0
DA:204,0
DA:207,0
DA:214,0
DA:219,0
DA:221,0
DA:224,0
DA:227,0
DA:230,0
DA:233,0
DA:239,0
DA:240,0
DA:249,0
DA:257,0
DA:262,0
DA:263,0
DA:264,0
DA:265,0
DA:267,0
DA:272,0
LF:77
LH:0
BRDA:81,0,0,0
BRDA:93,1,0,0
BRDA:97,2,0,0
BRDA:125,3,0,0
BRDA:125,3,1,0
BRDA:125,3,2,0
BRDA:130,4,0,0
BRDA:153,5,0,0
BRDA:161,6,0,0
BRDA:172,7,0,0
BRDA:219,8,0,0
BRDA:219,8,1,0
BRDA:219,8,2,0
BRDA:219,8,3,0
BRDA:219,8,4,0
BRDA:248,9,0,0
BRDA:248,9,1,0
BRF:17
BRH:0
end_of_record
TN:
SF:client/src/lib/api.ts
FN:6,(anonymous_7)
FN:6,(anonymous_8)
FN:15,(anonymous_9)
FN:15,(anonymous_10)
FN:23,(anonymous_11)
FN:23,(anonymous_12)
FN:28,(anonymous_13)
FN:28,(anonymous_14)
FN:36,(anonymous_15)
FN:36,(anonymous_16)
FN:44,(anonymous_17)
FN:44,(anonymous_18)
FN:49,(anonymous_19)
FN:49,(anonymous_20)
FN:53,(anonymous_21)
FN:53,(anonymous_22)
FN:58,(anonymous_23)
FN:58,(anonymous_24)
FN:65,(anonymous_25)
FN:65,(anonymous_26)
FN:72,(anonymous_27)
FN:72,(anonymous_28)
FN:80,(anonymous_29)
FN:80,(anonymous_30)
FN:85,(anonymous_31)
FN:93,(anonymous_32)
FN:98,(anonymous_33)
FN:98,(anonymous_34)
FN:106,(anonymous_35)
FN:106,(anonymous_36)
FN:114,(anonymous_37)
FN:114,(anonymous_38)
FN:122,(anonymous_39)
FN:122,(anonymous_40)
FN:131,(anonymous_41)
FN:131,(anonymous_42)
FN:143,(anonymous_43)
FN:147,(anonymous_44)
FN:155,(anonymous_45)
FN:158,(anonymous_46)
FN:166,(anonymous_47)
FN:169,(anonymous_48)
FN:176,(anonymous_49)
FN:184,(anonymous_50)
FN:189,(anonymous_51)
FN:195,(anonymous_52)
FN:210,(anonymous_53)
FN:210,(anonymous_54)
FN:218,(anonymous_55)
FN:218,(anonymous_56)
FN:223,(anonymous_57)
FN:223,(anonymous_58)
FN:228,(anonymous_59)
FN:228,(anonymous_60)
FN:233,(anonymous_61)
FN:233,(anonymous_62)
FN:240,(anonymous_63)
FN:240,(anonymous_64)
FN:245,(anonymous_65)
FN:245,(anonymous_66)
FN:250,(anonymous_67)
FN:250,(anonymous_68)
FN:255,(anonymous_69)
FN:255,(anonymous_70)
FNF:64
FNH:0
FNDA:0,(anonymous_7)
FNDA:0,(anonymous_8)
FNDA:0,(anonymous_9)
FNDA:0,(anonymous_10)
FNDA:0,(anonymous_11)
FNDA:0,(anonymous_12)
FNDA:0,(anonymous_13)
FNDA:0,(anonymous_14)
FNDA:0,(anonymous_15)
FNDA:0,(anonymous_16)
FNDA:0,(anonymous_17)
FNDA:0,(anonymous_18)
FNDA:0,(anonymous_19)
FNDA:0,(anonymous_20)
FNDA:0,(anonymous_21)
FNDA:0,(anonymous_22)
FNDA:0,(anonymous_23)
FNDA:0,(anonymous_24)
FNDA:0,(anonymous_25)
FNDA:0,(anonymous_26)
FNDA:0,(anonymous_27)
FNDA:0,(anonymous_28)
FNDA:0,(anonymous_29)
FNDA:0,(anonymous_30)
FNDA:0,(anonymous_31)
FNDA:0,(anonymous_32)
FNDA:0,(anonymous_33)
FNDA:0,(anonymous_34)
FNDA:0,(anonymous_35)
FNDA:0,(anonymous_36)
FNDA:0,(anonymous_37)
FNDA:0,(anonymous_38)
FNDA:0,(anonymous_39)
FNDA:0,(anonymous_40)
FNDA:0,(anonymous_41)
FNDA:0,(anonymous_42)
FNDA:0,(anonymous_43)
FNDA:0,(anonymous_44)
FNDA:0,(anonymous_45)
FNDA:0,(anonymous_46)
FNDA:0,(anonymous_47)
FNDA:0,(anonymous_48)
FNDA:0,(anonymous_49)
FNDA:0,(anonymous_50)
FNDA:0,(anonymous_51)
FNDA:0,(anonymous_52)
FNDA:0,(anonymous_53)
FNDA:0,(anonymous_54)
FNDA:0,(anonymous_55)
FNDA:0,(anonymous_56)
FNDA:0,(anonymous_57)
FNDA:0,(anonymous_58)
FNDA:0,(anonymous_59)
FNDA:0,(anonymous_60)
FNDA:0,(anonymous_61)
FNDA:0,(anonymous_62)
FNDA:0,(anonymous_63)
FNDA:0,(anonymous_64)
FNDA:0,(anonymous_65)
FNDA:0,(anonymous_66)
FNDA:0,(anonymous_67)
FNDA:0,(anonymous_68)
FNDA:0,(anonymous_69)
FNDA:0,(anonymous_70)
DA:5,0
DA:6,0
DA:7,0
DA:8,0
DA:9,0
DA:11,0
DA:12,0
DA:15,0
DA:16,0
DA:17,0
DA:19,0
DA:20,0
DA:23,0
DA:24,0
DA:25,0
DA:28,0
DA:29,0
DA:30,0
DA:35,0
DA:36,0
DA:37,0
DA:38,0
DA:40,0
DA:41,0
DA:44,0
DA:45,0
DA:46,0
DA:49,0
DA:50,0
DA:53,0
DA:54,0
DA:55,0
DA:58,0
DA:59,0
DA:62,0
DA:65,0
DA:66,0
DA:71,0
DA:72,0
DA:73,0
DA:74,0
DA:76,0
DA:77,0
DA:80,0
DA:81,0
DA:82,0
DA:93,0
DA:94,0
DA:95,0
DA:98,0
DA:99,0
DA:100,0
DA:105,0
DA:106,0
DA:107,0
DA:108,0
DA:110,0
DA:111,0
DA:114,0
DA:115,0
DA:116,0
DA:121,0
DA:122,0
DA:123,0
DA:124,0
DA:125,0
DA:127,0
DA:128,0
DA:131,0
DA:132,0
DA:137,0
DA:142,0
DA:147,0
DA:148,0
DA:149,0
DA:154,0
DA:158,0
DA:159,0
DA:163,0
DA:169,0
DA:170,0
DA:173,0
DA:184,0
DA:185,0
DA:186,0
DA:195,0
DA:196,0
DA:200,0
DA:201,0
DA:209,0
DA:210,0
DA:211,0
DA:212,0
DA:214,0
DA:215,0
DA:218,0
DA:219,0
DA:220,0
DA:223,0
DA:224,0
DA:225,0
DA:228,0
DA:229,0
DA:230,0
DA:233,0
DA:234,0
DA:239,0
DA:240,0
DA:241,0
DA:242,0
DA:243,0
DA:245,0
DA:246,0
DA:247,0
DA:248,0
DA:250,0
DA:251,0
DA:252,0
DA:253,0
DA:255,0
DA:256,0
DA:257,0
LF:122
LH:0
BRDA:8,0,0,0
BRDA:9,1,0,0
BRDA:17,2,0,0
BRDA:38,3,0,0
BRDA:74,4,0,0
BRDA:108,5,0,0
BRDA:124,6,0,0
BRDA:125,7,0,0
BRDA:203,8,0,0
BRDA:203,8,1,0
BRDA:212,9,0,0
BRF:11
BRH:0
end_of_record
TN:
SF:client/src/lib/cache-invalidation-strategies.ts
FN:8,(anonymous_7)
FN:21,(anonymous_8)
FN:178,(anonymous_9)
FN:195,(anonymous_10)
FN:215,(anonymous_12)
FN:237,(anonymous_14)
FN:257,(anonymous_16)
FN:272,(anonymous_18)
FN:289,(anonymous_20)
FN:304,(anonymous_22)
FN:316,(anonymous_24)
FN:329,(anonymous_26)
FN:344,(anonymous_28)
FN:368,(anonymous_30)
FN:383,(anonymous_32)
FN:395,(anonymous_34)
FN:409,(anonymous_35)
FN:415,(anonymous_37)
FN:424,(anonymous_39)
FN:448,(anonymous_41)
FN:472,(anonymous_43)
FN:502,(anonymous_44)
FN:524,(anonymous_45)
FN:534,(anonymous_46)
FN:544,(anonymous_47)
FN:550,(anonymous_48)
FN:559,(anonymous_49)
FN:563,(anonymous_50)
FN:565,(anonymous_51)
FN:573,(anonymous_52)
FN:595,(anonymous_53)
FN:597,(anonymous_54)
FN:612,(anonymous_55)
FN:626,(anonymous_56)
FN:630,(anonymous_57)
FN:632,(anonymous_58)
FN:636,(anonymous_59)
FN:644,(anonymous_60)
FN:652,(anonymous_61)
FN:657,(anonymous_62)
FNF:40
FNH:0
FNDA:0,(anonymous_7)
FNDA:0,(anonymous_8)
FNDA:0,(anonymous_9)
FNDA:0,(anonymous_10)
FNDA:0,(anonymous_12)
FNDA:0,(anonymous_14)
FNDA:0,(anonymous_16)
FNDA:0,(anonymous_18)
FNDA:0,(anonymous_20)
FNDA:0,(anonymous_22)
FNDA:0,(anonymous_24)
FNDA:0,(anonymous_26)
FNDA:0,(anonymous_28)
FNDA:0,(anonymous_30)
FNDA:0,(anonymous_32)
FNDA:0,(anonymous_34)
FNDA:0,(anonymous_35)
FNDA:0,(anonymous_37)
FNDA:0,(anonymous_39)
FNDA:0,(anonymous_41)
FNDA:0,(anonymous_43)
FNDA:0,(anonymous_44)
FNDA:0,(anonymous_45)
FNDA:0,(anonymous_46)
FNDA:0,(anonymous_47)
FNDA:0,(anonymous_48)
FNDA:0,(anonymous_49)
FNDA:0,(anonymous_50)
FNDA:0,(anonymous_51)
FNDA:0,(anonymous_52)
FNDA:0,(anonymous_53)
FNDA:0,(anonymous_54)
FNDA:0,(anonymous_55)
FNDA:0,(anonymous_56)
FNDA:0,(anonymous_57)
FNDA:0,(anonymous_58)
FNDA:0,(anonymous_59)
FNDA:0,(anonymous_60)
FNDA:0,(anonymous_61)
FNDA:0,(anonymous_62)
DA:8,0
DA:9,0
DA:10,0
DA:11,0
DA:12,0
DA:13,0
DA:14,0
DA:15,0
DA:16,0
DA:17,0
DA:18,0
DA:21,0
DA:22,0
DA:23,0
DA:24,0
DA:25,0
DA:26,0
DA:83,0
DA:167,0
DA:168,0
DA:169,0
DA:170,0
DA:175,0
DA:176,0
DA:179,0
DA:182,0
DA:185,0
DA:188,0
DA:191,0
DA:196,0
DA:202,0
DA:204,0
DA:205,0
DA:206,0
DA:210,0
DA:211,0
DA:216,0
DA:218,0
DA:219,0
DA:234,0
DA:238,0
DA:240,0
DA:241,0
DA:258,0
DA:273,0
DA:290,0
DA:305,0
DA:317,0
DA:330,0
DA:345,0
DA:347,0
DA:348,0
DA:351,0
DA:352,0
DA:355,0
DA:356,0
DA:359,0
DA:360,0
DA:363,0
DA:364,0
DA:369,0
DA:370,0
DA:371,0
DA:372,0
DA:373,0
DA:374,0
DA:376,0
DA:378,0
DA:384,0
DA:386,0
DA:387,0
DA:390,0
DA:393,0
DA:394,0
DA:395,0
DA:396,0
DA:399,0
DA:403,0
DA:404,0
DA:405,0
DA:412,0
DA:417,0
DA:419,0
DA:420,0
DA:426,0
DA:429,0
DA:430,0
DA:431,0
DA:433,0
DA:434,0
DA:435,0
DA:438,0
DA:439,0
DA:440,0
DA:449,0
DA:450,0
DA:452,0
DA:453,0
DA:454,0
DA:455,0
DA:458,0
DA:461,0
DA:463,0
DA:464,0
DA:465,0
DA:466,0
DA:469,0
DA:470,0
DA:471,0
DA:472,0
DA:473,0
DA:480,0
DA:481,0
DA:483,0
DA:484,0
DA:488,0
DA:489,0
DA:494,0
DA:503,0
DA:506,0
DA:507,0
DA:508,0
DA:513,0
DA:521,0
DA:525,0
DA:526,0
DA:528,0
DA:529,0
DA:531,0
DA:535,0
DA:536,0
DA:538,0
DA:539,0
DA:541,0
DA:546,0
DA:551,0
DA:552,0
DA:553,0
DA:555,0
DA:560,0
DA:565,0
DA:566,0
DA:570,0
DA:574,0
DA:575,0
DA:576,0
DA:577,0
DA:578,0
DA:581,0
DA:582,0
DA:584,0
DA:585,0
DA:588,0
DA:589,0
DA:590,0
DA:591,0
DA:597,0
DA:598,0
DA:599,0
DA:612,0
DA:613,0
DA:627,0
DA:630,0
DA:632,0
DA:637,0
DA:638,0
DA:640,0
DA:641,0
DA:645,0
DA:646,0
DA:647,0
DA:648,0
DA:653,0
DA:654,0
DA:659,0
DA:660,0
DA:662,0
DA:665,0
DA:666,0
DA:668,0
LF:180
LH:0
BRDA:8,0,0,0
BRDA:8,0,1,0
BRDA:21,1,0,0
BRDA:21,1,1,0
BRDA:180,2,0,0
BRDA:202,3,0,0
BRDA:202,3,1,0
BRDA:205,4,0,0
BRDA:218,5,0,0
BRDA:218,6,0,0
BRDA:218,6,1,0
BRDA:240,7,0,0
BRDA:240,8,0,0
BRDA:240,8,1,0
BRDA:345,9,0,0
BRDA:345,9,1,0
BRDA:345,9,2,0
BRDA:345,9,3,0
BRDA:345,9,4,0
BRDA:370,10,0,0
BRDA:370,10,1,0
BRDA:372,11,0,0
BRDA:372,11,1,0
BRDA:376,12,0,0
BRDA:386,13,0,0
BRDA:393,14,0,0
BRDA:394,15,0,0
BRDA:394,15,1,0
BRDA:394,16,0,0
BRDA:394,16,1,0
BRDA:394,17,0,0
BRDA:394,17,1,0
BRDA:403,18,0,0
BRDA:403,18,1,0
BRDA:403,19,0,0
BRDA:403,19,1,0
BRDA:403,20,0,0
BRDA:403,20,1,0
BRDA:404,21,0,0
BRDA:419,22,0,0
BRDA:429,23,0,0
BRDA:429,24,0,0
BRDA:429,24,1,0
BRDA:430,25,0,0
BRDA:430,25,1,0
BRDA:431,26,0,0
BRDA:431,26,1,0
BRDA:438,27,0,0
BRDA:449,28,0,0
BRDA:449,28,1,0
BRDA:453,29,0,0
BRDA:458,30,0,0
BRDA:465,31,0,0
BRDA:469,32,0,0
BRDA:469,32,1,0
BRDA:471,33,0,0
BRDA:481,34,0,0
BRDA:481,34,1,0
BRDA:503,35,0,0
BRDA:506,36,0,0
BRDA:507,37,0,0
BRDA:507,38,0,0
BRDA:507,38,1,0
BRDA:513,39,0,0
BRDA:513,40,0,0
BRDA:513,40,1,0
BRDA:525,41,0,0
BRDA:525,41,1,0
BRDA:525,42,0,0
BRDA:525,42,1,0
BRDA:526,43,0,0
BRDA:526,44,0,0
BRDA:526,44,1,0
BRDA:526,45,0,0
BRDA:526,45,1,0
BRDA:528,46,0,0
BRDA:528,46,1,0
BRDA:535,47,0,0
BRDA:535,47,1,0
BRDA:535,48,0,0
BRDA:535,48,1,0
BRDA:536,49,0,0
BRDA:536,50,0,0
BRDA:536,50,1,0
BRDA:536,51,0,0
BRDA:536,51,1,0
BRDA:538,52,0,0
BRDA:538,52,1,0
BRDA:552,53,0,0
BRDA:581,54,0,0
BRDA:581,54,1,0
BRDA:582,55,0,0
BRDA:582,55,1,0
BRDA:582,55,2,0
BRDA:582,55,3,0
BRDA:585,56,0,0
BRDA:585,56,1,0
BRDA:588,57,0,0
BRDA:588,57,1,0
BRDA:588,58,0,0
BRDA:588,58,1,0
BRDA:590,59,0,0
BRDA:590,60,0,0
BRDA:590,60,1,0
BRDA:598,61,0,0
BRDA:637,62,0,0
BRDA:646,63,0,0
BRDA:646,64,0,0
BRDA:646,64,1,0
BRF:109
BRH:0
end_of_record
TN:
SF:client/src/lib/cache-manager.ts
FN:13,(anonymous_0)
FN:35,(anonymous_1)
FN:51,(anonymous_2)
FN:67,(anonymous_3)
FN:83,(anonymous_4)
FN:96,(anonymous_5)
FNF:6
FNH:0
FNDA:0,(anonymous_0)
FNDA:0,(anonymous_1)
FNDA:0,(anonymous_2)
FNDA:0,(anonymous_3)
FNDA:0,(anonymous_4)
FNDA:0,(anonymous_5)
DA:14,0
DA:15,0
DA:36,0
DA:38,0
DA:41,0
DA:42,0
DA:43,0
DA:47,0
DA:48,0
DA:52,0
DA:53,0
DA:56,0
DA:57,0
DA:60,0
DA:68,0
DA:69,0
DA:71,0
DA:72,0
DA:73,0
DA:74,0
DA:78,0
DA:79,0
DA:84,0
DA:85,0
DA:86,0
DA:87,0
DA:91,0
DA:97,0
DA:102,0
DA:103,0
DA:104,0
DA:107,0
DA:112,0
LF:33
LH:0
BRDA:35,0,0,0
BRDA:38,1,0,0
BRDA:41,2,0,0
BRDA:51,3,0,0
BRDA:56,4,0,0
BRDA:72,5,0,0
BRDA:72,6,0,0
BRDA:72,6,1,0
BRDA:78,7,0,0
BRDA:84,8,0,0
BRDA:84,8,1,0
BRDA:86,9,0,0
BRDA:104,10,0,0
BRDA:104,10,1,0
BRF:14
BRH:0
end_of_record
TN:
SF:client/src/lib/client-data-sanitizer.ts
FN:19,(anonymous_0)
FN:49,(anonymous_1)
FN:55,(anonymous_2)
FN:110,(anonymous_3)
FN:136,(anonymous_4)
FN:153,(anonymous_5)
FN:160,(anonymous_6)
FN:161,(anonymous_7)
FN:172,(anonymous_8)
FN:195,(anonymous_9)
FN:233,(anonymous_10)
FN:260,(anonymous_11)
FN:267,(anonymous_12)
FN:275,(anonymous_13)
FN:288,(anonymous_14)
FN:310,(anonymous_15)
FN:318,(anonymous_16)
FN:341,(anonymous_17)
FN:366,(anonymous_18)
FN:381,(anonymous_19)
FN:388,(anonymous_20)
FN:392,(anonymous_21)
FN:393,(anonymous_22)
FN:402,(anonymous_23)
FN:427,(anonymous_24)
FNF:25
FNH:0
FNDA:0,(anonymous_0)
FNDA:0,(anonymous_1)
FNDA:0,(anonymous_2)
FNDA:0,(anonymous_3)
FNDA:0,(anonymous_4)
FNDA:0,(anonymous_5)
FNDA:0,(anonymous_6)
FNDA:0,(anonymous_7)
FNDA:0,(anonymous_8)
FNDA:0,(anonymous_9)
FNDA:0,(anonymous_10)
FNDA:0,(anonymous_11)
FNDA:0,(anonymous_12)
FNDA:0,(anonymous_13)
FNDA:0,(anonymous_14)
FNDA:0,(anonymous_15)
FNDA:0,(anonymous_16)
FNDA:0,(anonymous_17)
FNDA:0,(anonymous_18)
FNDA:0,(anonymous_19)
FNDA:0,(anonymous_20)
FNDA:0,(anonymous_21)
FNDA:0,(anonymous_22)
FNDA:0,(anonymous_23)
FNDA:0,(anonymous_24)
DA:9,0
DA:19,0
DA:20,0
DA:21,0
DA:22,0
DA:23,0
DA:50,0
DA:56,0
DA:65,0
DA:73,0
DA:75,0
DA:78,0
DA:79,0
DA:82,0
DA:83,0
DA:86,0
DA:87,0
DA:91,0
DA:93,0
DA:94,0
DA:99,0
DA:100,0
DA:104,0
DA:111,0
DA:112,0
DA:115,0
DA:118,0
DA:121,0
DA:124,0
DA:126,0
DA:127,0
DA:128,0
DA:132,0
DA:135,0
DA:136,0
DA:139,0
DA:140,0
DA:141,0
DA:142,0
DA:144,0
DA:147,0
DA:154,0
DA:155,0
DA:157,0
DA:158,0
DA:159,0
DA:160,0
DA:161,0
DA:163,0
DA:168,0
DA:171,0
DA:172,0
DA:175,0
DA:176,0
DA:177,0
DA:179,0
DA:180,0
DA:181,0
DA:183,0
DA:186,0
DA:189,0
DA:196,0
DA:198,0
DA:200,0
DA:201,0
DA:202,0
DA:203,0
DA:205,0
DA:206,0
DA:210,0
DA:211,0
DA:214,0
DA:215,0
DA:222,0
DA:223,0
DA:224,0
DA:234,0
DA:237,0
DA:238,0
DA:240,0
DA:244,0
DA:245,0
DA:249,0
DA:253,0
DA:261,0
DA:267,0
DA:268,0
DA:276,0
DA:277,0
DA:278,0
DA:280,0
DA:282,0
DA:289,0
DA:291,0
DA:293,0
DA:295,0
DA:296,0
DA:298,0
DA:301,0
DA:302,0
DA:303,0
DA:311,0
DA:312,0
DA:319,0
DA:320,0
DA:322,0
DA:323,0
DA:324,0
DA:325,0
DA:326,0
DA:328,0
DA:332,0
DA:335,0
DA:342,0
DA:343,0
DA:345,0
DA:347,0
DA:348,0
DA:349,0
DA:350,0
DA:352,0
DA:357,0
DA:360,0
DA:367,0
DA:374,0
DA:375,0
DA:387,0
DA:388,0
DA:391,0
DA:392,0
DA:393,0
DA:403,0
DA:405,0
DA:406,0
DA:407,0
DA:410,0
DA:411,0
DA:414,0
DA:415,0
DA:418,0
DA:428,0
DA:429,0
DA:437,0
DA:442,0
LF:144
LH:0
BRDA:19,0,0,0
BRDA:19,0,1,0
BRDA:55,1,0,0
BRDA:78,2,0,0
BRDA:82,3,0,0
BRDA:86,4,0,0
BRDA:93,5,0,0
BRDA:99,6,0,0
BRDA:99,6,1,0
BRDA:111,7,0,0
BRDA:126,8,0,0
BRDA:135,9,0,0
BRDA:139,10,0,0
BRDA:139,11,0,0
BRDA:139,11,1,0
BRDA:154,12,0,0
BRDA:159,13,0,0
BRDA:171,14,0,0
BRDA:175,15,0,0
BRDA:175,16,0,0
BRDA:175,16,1,0
BRDA:179,17,0,0
BRDA:179,17,1,0
BRDA:196,18,0,0
BRDA:196,19,0,0
BRDA:196,19,1,0
BRDA:201,20,0,0
BRDA:203,21,0,0
BRDA:205,22,0,0
BRDA:205,23,0,0
BRDA:205,23,1,0
BRDA:210,24,0,0
BRDA:210,25,0,0
BRDA:210,25,1,0
BRDA:214,26,0,0
BRDA:214,27,0,0
BRDA:214,27,1,0
BRDA:214,27,2,0
BRDA:223,28,0,0
BRDA:234,29,0,0
BRDA:234,29,1,0
BRDA:234,29,2,0
BRDA:234,29,3,0
BRDA:276,30,0,0
BRDA:277,31,0,0
BRDA:289,32,0,0
BRDA:289,32,1,0
BRDA:289,32,2,0
BRDA:289,32,3,0
BRDA:289,32,4,0
BRDA:301,33,0,0
BRDA:311,34,0,0
BRDA:319,35,0,0
BRDA:319,36,0,0
BRDA:319,36,1,0
BRDA:320,37,0,0
BRDA:320,37,1,0
BRDA:323,38,0,0
BRDA:323,38,1,0
BRDA:323,39,0,0
BRDA:323,39,1,0
BRDA:325,40,0,0
BRDA:325,40,1,0
BRDA:342,41,0,0
BRDA:342,42,0,0
BRDA:342,42,1,0
BRDA:343,43,0,0
BRDA:343,43,1,0
BRDA:348,44,0,0
BRDA:349,45,0,0
BRDA:349,45,1,0
BRDA:388,46,0,0
BRDA:388,46,1,0
BRDA:405,47,0,0
BRDA:405,48,0,0
BRDA:405,48,1,0
BRDA:410,49,0,0
BRDA:410,50,0,0
BRDA:410,50,1,0
BRDA:414,51,0,0
BRF:80
BRH:0
end_of_record
TN:
SF:client/src/lib/date-utils.ts
FN:4,formatDistanceToNow
FN:24,format
FN:54,addWeeks
FN:60,subWeeks
FN:66,addDays
FN:72,startOfWeek
FN:81,endOfWeek
FN:91,isToday
FN:96,isSameDay
FN:100,formatDate
FN:104,formatDateTime
FNF:11
FNH:0
FNDA:0,formatDistanceToNow
FNDA:0,format
FNDA:0,addWeeks
FNDA:0,subWeeks
FNDA:0,addDays
FNDA:0,startOfWeek
FNDA:0,endOfWeek
FNDA:0,isToday
FNDA:0,isSameDay
FNDA:0,formatDate
FNDA:0,formatDateTime
DA:5,0
DA:6,0
DA:8,0
DA:9,0
DA:10,0
DA:11,0
DA:12,0
DA:13,0
DA:15,0
DA:16,0
DA:17,0
DA:18,0
DA:19,0
DA:20,0
DA:21,0
DA:25,0
DA:26,0
DA:27,0
DA:28,0
DA:29,0
DA:31,0
DA:36,0
DA:42,0
DA:55,0
DA:56,0
DA:57,0
DA:61,0
DA:62,0
DA:63,0
DA:67,0
DA:68,0
DA:69,0
DA:73,0
DA:74,0
DA:75,0
DA:76,0
DA:77,0
DA:78,0
DA:82,0
DA:83,0
DA:84,0
DA:85,0
DA:86,0
DA:87,0
DA:92,0
DA:93,0
DA:97,0
DA:101,0
DA:105,0
LF:49
LH:0
BRDA:15,0,0,0
BRDA:16,1,0,0
BRDA:16,2,0,0
BRDA:16,2,1,0
BRDA:17,3,0,0
BRDA:17,4,0,0
BRDA:17,4,1,0
BRDA:18,5,0,0
BRDA:18,6,0,0
BRDA:18,6,1,0
BRDA:19,7,0,0
BRDA:19,8,0,0
BRDA:19,8,1,0
BRDA:20,9,0,0
BRDA:20,10,0,0
BRDA:20,10,1,0
BRDA:21,11,0,0
BRDA:21,11,1,0
BRDA:51,12,0,0
BRDA:51,12,1,0
BRDA:51,13,0,0
BRDA:51,13,1,0
BRDA:72,14,0,0
BRDA:75,15,0,0
BRDA:75,15,1,0
BRDA:81,16,0,0
BRDA:84,17,0,0
BRDA:84,17,1,0
BRF:28
BRH:0
end_of_record
TN:
SF:client/src/lib/env.ts
FN:26,(anonymous_0)
FN:128,(anonymous_1)
FN:133,(anonymous_2)
FNF:3
FNH:0
FNDA:0,(anonymous_0)
FNDA:0,(anonymous_1)
FNDA:0,(anonymous_2)
DA:10,0
DA:26,0
DA:28,0
DA:29,0
DA:30,0
DA:33,0
DA:34,0
DA:40,0
DA:44,0
DA:45,0
DA:46,0
DA:47,0
DA:48,0
DA:53,0
DA:57,0
DA:58,0
DA:60,0
DA:65,0
DA:87,0
DA:128,0
DA:129,0
DA:133,0
DA:134,0
DA:138,0
DA:139,0
LF:25
LH:0
BRDA:26,0,0,0
BRDA:28,1,0,0
BRDA:28,2,0,0
BRDA:28,2,1,0
BRDA:33,3,0,0
BRDA:44,4,0,0
BRDA:46,5,0,0
BRDA:46,5,1,0
BRDA:46,6,0,0
BRDA:46,6,1,0
BRDA:47,7,0,0
BRDA:47,8,0,0
BRDA:47,8,1,0
BRDA:58,9,0,0
BRDA:58,9,1,0
BRDA:58,10,0,0
BRDA:58,10,1,0
BRDA:58,11,0,0
BRDA:58,11,1,0
BRDA:58,12,0,0
BRDA:58,12,1,0
BRDA:58,13,0,0
BRDA:58,13,1,0
BRDA:129,14,0,0
BRDA:129,14,1,0
BRDA:138,15,0,0
BRDA:138,16,0,0
BRDA:138,16,1,0
BRF:28
BRH:0
end_of_record
TN:
SF:client/src/lib/i18n.ts
FN:43,(anonymous_0)
FN:49,(anonymous_1)
FN:62,(anonymous_2)
FN:72,(anonymous_3)
FN:84,(anonymous_4)
FN:98,(anonymous_5)
FNF:6
FNH:0
FNDA:0,(anonymous_0)
FNDA:0,(anonymous_1)
FNDA:0,(anonymous_2)
FNDA:0,(anonymous_3)
FNDA:0,(anonymous_4)
FNDA:0,(anonymous_5)
DA:7,0
DA:12,0
DA:43,0
DA:44,0
DA:45,0
DA:49,0
DA:50,0
DA:51,0
DA:53,0
DA:62,0
DA:63,0
DA:64,0
DA:72,0
DA:73,0
DA:74,0
DA:76,0
DA:84,0
DA:85,0
DA:86,0
DA:88,0
DA:98,0
DA:99,0
DA:101,0
DA:102,0
DA:103,0
DA:104,0
DA:105,0
DA:106,0
DA:109,0
LF:29
LH:0
BRDA:44,0,0,0
BRDA:44,0,1,0
BRDA:50,1,0,0
BRDA:50,1,1,0
BRDA:51,2,0,0
BRDA:51,2,1,0
BRDA:51,3,0,0
BRDA:51,3,1,0
BRDA:62,4,0,0
BRDA:63,5,0,0
BRDA:63,5,1,0
BRDA:73,6,0,0
BRDA:73,6,1,0
BRDA:74,7,0,0
BRDA:74,7,1,0
BRDA:76,8,0,0
BRDA:76,8,1,0
BRDA:85,9,0,0
BRDA:85,9,1,0
BRDA:86,10,0,0
BRDA:86,10,1,0
BRDA:99,11,0,0
BRDA:99,11,1,0
BRDA:101,12,0,0
BRDA:101,12,1,0
BRDA:102,13,0,0
BRDA:102,13,1,0
BRDA:103,14,0,0
BRDA:103,14,1,0
BRDA:104,15,0,0
BRDA:104,15,1,0
BRDA:105,16,0,0
BRDA:106,17,0,0
BRDA:106,17,1,0
BRF:34
BRH:0
end_of_record
TN:
SF:client/src/lib/intrinsic-value.ts
FN:27,calculateIntrinsicValue
FN:88,calculateOptimalPE
FN:104,validateIntrinsicValueParams
FN:142,getValuationColor
FN:158,getValuationBorderColor
FN:174,formatCurrency
FN:186,formatPercentage
FN:193,calculateCAGR
FN:204,calculateFairValueTarget
FNF:9
FNH:9
FNDA:17,calculateIntrinsicValue
FNDA:7,calculateOptimalPE
FNDA:16,validateIntrinsicValueParams
FNDA:4,getValuationColor
FNDA:4,getValuationBorderColor
FNDA:6,formatCurrency
FNDA:6,formatPercentage
FNDA:7,calculateCAGR
FNDA:6,calculateFairValueTarget
DA:27,1
DA:38,17
DA:41,17
DA:42,17
DA:43,17
DA:47,17
DA:51,17
DA:55,17
DA:59,17
DA:63,17
DA:67,17
DA:68,11
DA:69,6
DA:70,5
DA:72,1
DA:75,17
DA:88,1
DA:92,7
DA:93,7
DA:95,7
DA:98,5
DA:104,1
DA:107,16
DA:109,16
DA:110,5
DA:113,16
DA:114,3
DA:117,16
DA:118,3
DA:121,16
DA:122,1
DA:125,16
DA:126,1
DA:129,16
DA:130,1
DA:133,16
DA:142,1
DA:143,4
DA:145,1
DA:147,1
DA:149,1
DA:151,1
DA:158,1
DA:159,4
DA:161,1
DA:163,1
DA:165,1
DA:167,1
DA:174,1
DA:175,6
DA:186,1
DA:187,6
DA:193,1
DA:198,7
DA:204,1
DA:208,6
LF:56
LH:56
BRDA:67,0,0,11
BRDA:67,0,1,6
BRDA:69,1,0,5
BRDA:69,1,1,1
BRDA:95,2,0,2
BRDA:109,3,0,5
BRDA:109,4,0,16
BRDA:109,4,1,14
BRDA:113,5,0,3
BRDA:113,6,0,16
BRDA:113,6,1,13
BRDA:113,6,2,12
BRDA:117,7,0,3
BRDA:117,8,0,16
BRDA:117,8,1,13
BRDA:117,8,2,12
BRDA:121,9,0,1
BRDA:121,10,0,16
BRDA:121,10,1,13
BRDA:121,10,2,12
BRDA:125,11,0,1
BRDA:125,12,0,16
BRDA:125,12,1,13
BRDA:125,12,2,12
BRDA:129,13,0,1
BRDA:129,14,0,16
BRDA:129,14,1,13
BRDA:129,14,2,13
BRDA:143,15,0,1
BRDA:143,15,1,1
BRDA:143,15,2,1
BRDA:143,15,3,1
BRDA:159,16,0,1
BRDA:159,16,1,1
BRDA:159,16,2,1
BRDA:159,16,3,1
BRDA:174,17,0,4
BRDA:186,18,0,5
BRDA:187,19,0,4
BRDA:187,19,1,2
BRF:40
BRH:40
end_of_record
TN:
SF:client/src/lib/mock-api.ts
FN:179,getMockApiData
FN:192,(anonymous_1)
FN:204,(anonymous_2)
FN:210,(anonymous_3)
FN:227,(anonymous_4)
FNF:5
FNH:0
FNDA:0,getMockApiData
FNDA:0,(anonymous_1)
FNDA:0,(anonymous_2)
FNDA:0,(anonymous_3)
FNDA:0,(anonymous_4)
DA:11,0
DA:134,0
DA:149,0
DA:170,0
DA:172,0
DA:180,0
DA:182,0
DA:183,0
DA:184,0
DA:187,0
DA:188,0
DA:189,0
DA:191,0
DA:192,0
DA:193,0
DA:196,0
DA:197,0
DA:200,0
DA:201,0
DA:202,0
DA:203,0
DA:204,0
DA:207,0
DA:208,0
DA:210,0
DA:211,0
DA:213,0
DA:214,0
DA:215,0
DA:218,0
DA:221,0
DA:222,0
DA:225,0
DA:226,0
DA:227,0
DA:230,0
DA:231,0
DA:234,0
DA:235,0
DA:238,0
DA:239,0
LF:41
LH:0
BRDA:182,0,0,0
BRDA:187,1,0,0
BRDA:189,2,0,0
BRDA:193,3,0,0
BRDA:193,3,1,0
BRDA:200,4,0,0
BRDA:200,5,0,0
BRDA:200,5,1,0
BRDA:202,6,0,0
BRDA:202,6,1,0
BRDA:202,7,0,0
BRDA:202,7,1,0
BRDA:207,8,0,0
BRDA:207,8,1,0
BRDA:207,9,0,0
BRDA:207,9,1,0
BRDA:211,10,0,0
BRDA:211,10,1,0
BRDA:213,11,0,0
BRDA:221,12,0,0
BRDA:225,13,0,0
BRDA:225,14,0,0
BRDA:225,14,1,0
BRDA:230,15,0,0
BRDA:234,16,0,0
BRF:25
BRH:0
end_of_record
TN:
SF:client/src/lib/sector-utils.ts
FN:12,getSectorColor
FN:19,getStockColor
FN:27,generateSectorCSSVariables
FN:30,(anonymous_3)
FN:43,getContrastColor
FN:61,getSectorGradient
FN:71,lightenColor
FN:86,getSectorDistribution
FN:96,(anonymous_8)
FN:103,(anonymous_9)
FN:109,(anonymous_10)
FN:115,getSectorChartColors
FN:116,(anonymous_12)
FN:122,getSectorTheme
FN:143,getPerformanceColor
FN:154,formatSectorName
FN:179,getSectorIcon
FN:186,isValidSector
FN:193,getRandomSector
FN:201,sortSectorsByImportance
FN:217,(anonymous_20)
FNF:21
FNH:0
FNDA:0,getSectorColor
FNDA:0,getStockColor
FNDA:0,generateSectorCSSVariables
FNDA:0,(anonymous_3)
FNDA:0,getContrastColor
FNDA:0,getSectorGradient
FNDA:0,lightenColor
FNDA:0,getSectorDistribution
FNDA:0,(anonymous_8)
FNDA:0,(anonymous_9)
FNDA:0,(anonymous_10)
FNDA:0,getSectorChartColors
FNDA:0,(anonymous_12)
FNDA:0,getSectorTheme
FNDA:0,getPerformanceColor
FNDA:0,formatSectorName
FNDA:0,getSectorIcon
FNDA:0,isValidSector
FNDA:0,getRandomSector
FNDA:0,sortSectorsByImportance
FNDA:0,(anonymous_20)
DA:13,0
DA:20,0
DA:21,0
DA:28,0
DA:30,0
DA:31,0
DA:32,0
DA:33,0
DA:34,0
DA:37,0
DA:45,0
DA:48,0
DA:49,0
DA:50,0
DA:53,0
DA:55,0
DA:62,0
DA:63,0
DA:65,0
DA:72,0
DA:73,0
DA:74,0
DA:75,0
DA:76,0
DA:78,0
DA:93,0
DA:96,0
DA:97,0
DA:98,0
DA:101,0
DA:103,0
DA:109,0
DA:116,0
DA:123,0
DA:124,0
DA:126,0
DA:144,0
DA:145,0
DA:146,0
DA:147,0
DA:148,0
DA:155,0
DA:156,0
DA:170,0
DA:173,0
DA:180,0
DA:187,0
DA:194,0
DA:195,0
DA:202,0
DA:217,0
DA:218,0
LF:52
LH:0
BRDA:12,0,0,0
BRDA:13,1,0,0
BRDA:13,1,1,0
BRDA:13,2,0,0
BRDA:13,2,1,0
BRDA:13,3,0,0
BRDA:13,3,1,0
BRDA:55,4,0,0
BRDA:55,4,1,0
BRDA:61,5,0,0
BRDA:78,6,0,0
BRDA:78,6,1,0
BRDA:78,7,0,0
BRDA:78,7,1,0
BRDA:79,8,0,0
BRDA:79,8,1,0
BRDA:79,9,0,0
BRDA:79,9,1,0
BRDA:80,10,0,0
BRDA:80,10,1,0
BRDA:80,11,0,0
BRDA:80,11,1,0
BRDA:98,12,0,0
BRDA:98,12,1,0
BRDA:144,13,0,0
BRDA:145,14,0,0
BRDA:146,15,0,0
BRDA:147,16,0,0
BRDA:154,17,0,0
BRDA:155,18,0,0
BRDA:170,19,0,0
BRDA:170,19,1,0
BRDA:180,20,0,0
BRDA:180,20,1,0
BRDA:180,21,0,0
BRDA:180,21,1,0
BRDA:180,22,0,0
BRDA:180,22,1,0
BRDA:218,23,0,0
BRDA:218,23,1,0
BRDA:218,24,0,0
BRDA:218,24,1,0
BRF:42
BRH:0
end_of_record
TN:
SF:client/src/lib/secure-api-client.ts
FN:29,(anonymous_7)
FN:34,(anonymous_8)
FN:39,(anonymous_9)
FN:60,(anonymous_10)
FN:79,(anonymous_12)
FN:98,(anonymous_14)
FN:117,(anonymous_16)
FN:122,(anonymous_17)
FN:130,(anonymous_18)
FN:135,(anonymous_19)
FN:145,(anonymous_20)
FN:146,(anonymous_21)
FN:193,useSecureApi
FNF:13
FNH:0
FNDA:0,(anonymous_7)
FNDA:0,(anonymous_8)
FNDA:0,(anonymous_9)
FNDA:0,(anonymous_10)
FNDA:0,(anonymous_12)
FNDA:0,(anonymous_14)
FNDA:0,(anonymous_16)
FNDA:0,(anonymous_17)
FNDA:0,(anonymous_18)
FNDA:0,(anonymous_19)
FNDA:0,(anonymous_20)
FNDA:0,(anonymous_21)
FNDA:0,useSecureApi
DA:30,0
DA:35,0
DA:40,0
DA:44,0
DA:45,0
DA:48,0
DA:61,0
DA:69,0
DA:70,0
DA:73,0
DA:80,0
DA:88,0
DA:89,0
DA:92,0
DA:99,0
DA:107,0
DA:108,0
DA:111,0
DA:120,0
DA:122,0
DA:124,0
DA:130,0
DA:131,0
DA:132,0
DA:135,0
DA:136,0
DA:139,0
DA:146,0
DA:152,0
DA:153,0
DA:157,0
DA:158,0
DA:159,0
DA:163,0
DA:164,0
DA:167,0
DA:173,0
DA:181,0
DA:182,0
DA:185,0
DA:190,0
DA:203,0
LF:42
LH:0
BRDA:29,0,0,0
BRDA:44,1,0,0
BRDA:69,2,0,0
BRDA:88,3,0,0
BRDA:107,4,0,0
BRDA:147,5,0,0
BRDA:148,6,0,0
BRDA:152,7,0,0
BRDA:152,8,0,0
BRDA:152,8,1,0
BRDA:158,9,0,0
BRDA:163,10,0,0
BRDA:163,11,0,0
BRDA:163,11,1,0
BRDA:163,11,2,0
BRDA:181,12,0,0
BRF:16
BRH:0
end_of_record
TN:
SF:client/src/lib/stock-data-normalizer.ts
FN:20,normalizeStockData
FN:62,normalizeStockDataArray
FN:69,useNormalizedStock
FN:83,validateStockData
FN:95,getStockPrice
FN:102,getStockChangePercent
FN:109,getStockChange
FN:116,isStockPositive
FN:123,isValidStock
FNF:9
FNH:0
FNDA:0,normalizeStockData
FNDA:0,normalizeStockDataArray
FNDA:0,useNormalizedStock
FNDA:0,validateStockData
FNDA:0,getStockPrice
FNDA:0,getStockChangePercent
FNDA:0,getStockChange
FNDA:0,isStockPositive
FNDA:0,isValidStock
DA:21,0
DA:22,0
DA:26,0
DA:33,0
DA:56,0
DA:63,0
DA:70,0
DA:72,0
DA:73,0
DA:75,0
DA:76,0
DA:84,0
DA:96,0
DA:103,0
DA:110,0
DA:117,0
DA:124,0
LF:17
LH:0
BRDA:21,0,0,0
BRDA:27,1,0,0
BRDA:27,1,1,0
BRDA:27,1,2,0
BRDA:34,2,0,0
BRDA:34,2,1,0
BRDA:35,3,0,0
BRDA:35,3,1,0
BRDA:36,4,0,0
BRDA:36,4,1,0
BRDA:39,5,0,0
BRDA:39,5,1,0
BRDA:40,6,0,0
BRDA:40,6,1,0
BRDA:41,7,0,0
BRDA:41,7,1,0
BRDA:42,8,0,0
BRDA:42,8,1,0
BRDA:43,9,0,0
BRDA:43,9,1,0
BRDA:44,10,0,0
BRDA:44,10,1,0
BRDA:45,11,0,0
BRDA:45,11,1,0
BRDA:46,12,0,0
BRDA:46,12,1,0
BRDA:47,13,0,0
BRDA:47,13,1,0
BRDA:49,14,0,0
BRDA:49,14,1,0
BRDA:50,15,0,0
BRDA:50,15,1,0
BRDA:51,16,0,0
BRDA:51,16,1,0
BRDA:52,17,0,0
BRDA:52,17,1,0
BRDA:53,18,0,0
BRDA:53,18,1,0
BRDA:70,19,0,0
BRDA:85,20,0,0
BRDA:85,20,1,0
BRDA:85,20,2,0
BRDA:85,20,3,0
BRDA:85,20,4,0
BRDA:96,21,0,0
BRDA:96,21,1,0
BRDA:96,21,2,0
BRDA:96,22,0,0
BRDA:96,22,1,0
BRDA:96,23,0,0
BRDA:96,23,1,0
BRDA:96,24,0,0
BRDA:96,24,1,0
BRDA:96,25,0,0
BRDA:96,25,1,0
BRDA:103,26,0,0
BRDA:103,26,1,0
BRDA:103,27,0,0
BRDA:103,27,1,0
BRDA:103,28,0,0
BRDA:103,28,1,0
BRDA:110,29,0,0
BRDA:110,29,1,0
BRDA:110,30,0,0
BRDA:110,30,1,0
BRDA:110,31,0,0
BRDA:110,31,1,0
BRF:67
BRH:0
end_of_record
TN:
SF:client/src/lib/supabase.ts
FN:55,(anonymous_7)
FN:55,(anonymous_8)
FN:66,(anonymous_9)
FN:74,(anonymous_11)
FN:84,(anonymous_13)
FN:89,(anonymous_15)
FN:96,(anonymous_17)
FN:103,(anonymous_19)
FN:107,(anonymous_20)
FN:111,(anonymous_21)
FN:119,(anonymous_22)
FN:138,(anonymous_24)
FN:153,(anonymous_26)
FN:168,(anonymous_28)
FN:183,(anonymous_30)
FN:199,(anonymous_32)
FN:214,(anonymous_34)
FN:229,(anonymous_36)
FN:247,(anonymous_38)
FN:263,(anonymous_40)
FN:278,(anonymous_42)
FN:293,(anonymous_44)
FN:308,(anonymous_46)
FN:324,(anonymous_48)
FN:339,(anonymous_50)
FN:356,(anonymous_52)
FN:371,(anonymous_54)
FN:389,(anonymous_56)
FN:405,(anonymous_58)
FN:420,(anonymous_60)
FN:435,(anonymous_62)
FN:454,(anonymous_64)
FN:469,(anonymous_66)
FN:485,(anonymous_68)
FN:485,(anonymous_69)
FN:505,(anonymous_70)
FN:524,(anonymous_72)
FN:540,(anonymous_74)
FN:555,(anonymous_76)
FN:571,(anonymous_78)
FN:587,(anonymous_80)
FN:605,(anonymous_82)
FN:624,(anonymous_84)
FN:638,(anonymous_86)
FN:652,(anonymous_88)
FN:670,(anonymous_90)
FN:685,(anonymous_92)
FN:700,(anonymous_94)
FN:700,(anonymous_95)
FN:723,(anonymous_96)
FN:747,(anonymous_98)
FN:762,(anonymous_99)
FN:777,(anonymous_100)
FN:792,(anonymous_101)
FN:807,(anonymous_102)
FN:822,(anonymous_103)
FN:837,(anonymous_104)
FN:846,(anonymous_105)
FN:855,(anonymous_106)
FN:859,(anonymous_107)
FN:867,(anonymous_108)
FN:873,(anonymous_110)
FN:890,(anonymous_112)
FN:907,(anonymous_114)
FN:909,(anonymous_116)
FN:913,(anonymous_117)
FN:925,(anonymous_119)
FN:937,(anonymous_121)
FNF:68
FNH:0
FNDA:0,(anonymous_7)
FNDA:0,(anonymous_8)
FNDA:0,(anonymous_9)
FNDA:0,(anonymous_11)
FNDA:0,(anonymous_13)
FNDA:0,(anonymous_15)
FNDA:0,(anonymous_17)
FNDA:0,(anonymous_19)
FNDA:0,(anonymous_20)
FNDA:0,(anonymous_21)
FNDA:0,(anonymous_22)
FNDA:0,(anonymous_24)
FNDA:0,(anonymous_26)
FNDA:0,(anonymous_28)
FNDA:0,(anonymous_30)
FNDA:0,(anonymous_32)
FNDA:0,(anonymous_34)
FNDA:0,(anonymous_36)
FNDA:0,(anonymous_38)
FNDA:0,(anonymous_40)
FNDA:0,(anonymous_42)
FNDA:0,(anonymous_44)
FNDA:0,(anonymous_46)
FNDA:0,(anonymous_48)
FNDA:0,(anonymous_50)
FNDA:0,(anonymous_52)
FNDA:0,(anonymous_54)
FNDA:0,(anonymous_56)
FNDA:0,(anonymous_58)
FNDA:0,(anonymous_60)
FNDA:0,(anonymous_62)
FNDA:0,(anonymous_64)
FNDA:0,(anonymous_66)
FNDA:0,(anonymous_68)
FNDA:0,(anonymous_69)
FNDA:0,(anonymous_70)
FNDA:0,(anonymous_72)
FNDA:0,(anonymous_74)
FNDA:0,(anonymous_76)
FNDA:0,(anonymous_78)
FNDA:0,(anonymous_80)
FNDA:0,(anonymous_82)
FNDA:0,(anonymous_84)
FNDA:0,(anonymous_86)
FNDA:0,(anonymous_88)
FNDA:0,(anonymous_90)
FNDA:0,(anonymous_92)
FNDA:0,(anonymous_94)
FNDA:0,(anonymous_95)
FNDA:0,(anonymous_96)
FNDA:0,(anonymous_98)
FNDA:0,(anonymous_99)
FNDA:0,(anonymous_100)
FNDA:0,(anonymous_101)
FNDA:0,(anonymous_102)
FNDA:0,(anonymous_103)
FNDA:0,(anonymous_104)
FNDA:0,(anonymous_105)
FNDA:0,(anonymous_106)
FNDA:0,(anonymous_107)
FNDA:0,(anonymous_108)
FNDA:0,(anonymous_110)
FNDA:0,(anonymous_112)
FNDA:0,(anonymous_114)
FNDA:0,(anonymous_116)
FNDA:0,(anonymous_117)
FNDA:0,(anonymous_119)
FNDA:0,(anonymous_121)
DA:32,0
DA:33,0
DA:35,0
DA:36,0
DA:40,0
DA:54,0
DA:55,0
DA:56,0
DA:63,0
DA:67,0
DA:71,0
DA:75,0
DA:81,0
DA:85,0
DA:86,0
DA:90,0
DA:93,0
DA:97,0
DA:100,0
DA:104,0
DA:108,0
DA:112,0
DA:117,0
DA:120,0
DA:121,0
DA:123,0
DA:129,0
DA:130,0
DA:131,0
DA:134,0
DA:139,0
DA:145,0
DA:146,0
DA:147,0
DA:150,0
DA:154,0
DA:160,0
DA:161,0
DA:162,0
DA:165,0
DA:169,0
DA:175,0
DA:176,0
DA:177,0
DA:180,0
DA:184,0
DA:191,0
DA:192,0
DA:193,0
DA:196,0
DA:200,0
DA:205,0
DA:206,0
DA:207,0
DA:210,0
DA:215,0
DA:221,0
DA:222,0
DA:223,0
DA:226,0
DA:230,0
DA:239,0
DA:240,0
DA:241,0
DA:244,0
DA:248,0
DA:254,0
DA:255,0
DA:256,0
DA:259,0
DA:264,0
DA:270,0
DA:271,0
DA:272,0
DA:275,0
DA:279,0
DA:285,0
DA:286,0
DA:287,0
DA:290,0
DA:294,0
DA:300,0
DA:301,0
DA:302,0
DA:305,0
DA:309,0
DA:316,0
DA:317,0
DA:318,0
DA:321,0
DA:325,0
DA:330,0
DA:331,0
DA:332,0
DA:335,0
DA:340,0
DA:347,0
DA:348,0
DA:349,0
DA:352,0
DA:357,0
DA:363,0
DA:364,0
DA:365,0
DA:368,0
DA:372,0
DA:381,0
DA:382,0
DA:383,0
DA:386,0
DA:390,0
DA:397,0
DA:398,0
DA:399,0
DA:402,0
DA:406,0
DA:411,0
DA:412,0
DA:413,0
DA:416,0
DA:421,0
DA:427,0
DA:428,0
DA:429,0
DA:432,0
DA:436,0
DA:445,0
DA:446,0
DA:447,0
DA:450,0
DA:455,0
DA:461,0
DA:462,0
DA:463,0
DA:466,0
DA:470,0
DA:476,0
DA:477,0
DA:478,0
DA:481,0
DA:485,0
DA:486,0
DA:487,0
DA:489,0
DA:496,0
DA:497,0
DA:498,0
DA:501,0
DA:506,0
DA:515,0
DA:516,0
DA:517,0
DA:520,0
DA:525,0
DA:531,0
DA:532,0
DA:533,0
DA:536,0
DA:541,0
DA:547,0
DA:548,0
DA:549,0
DA:552,0
DA:556,0
DA:563,0
DA:564,0
DA:565,0
DA:568,0
DA:572,0
DA:579,0
DA:580,0
DA:581,0
DA:584,0
DA:588,0
DA:597,0
DA:598,0
DA:599,0
DA:602,0
DA:606,0
DA:616,0
DA:617,0
DA:618,0
DA:621,0
DA:625,0
DA:630,0
DA:631,0
DA:632,0
DA:635,0
DA:639,0
DA:644,0
DA:645,0
DA:646,0
DA:649,0
DA:653,0
DA:661,0
DA:662,0
DA:663,0
DA:666,0
DA:671,0
DA:677,0
DA:678,0
DA:679,0
DA:682,0
DA:686,0
DA:692,0
DA:693,0
DA:694,0
DA:697,0
DA:700,0
DA:701,0
DA:715,0
DA:716,0
DA:717,0
DA:720,0
DA:724,0
DA:726,0
DA:727,0
DA:728,0
DA:731,0
DA:736,0
DA:737,0
DA:738,0
DA:741,0
DA:746,0
DA:748,0
DA:763,0
DA:778,0
DA:793,0
DA:808,0
DA:823,0
DA:838,0
DA:849,0
DA:856,0
DA:860,0
DA:865,0
DA:868,0
DA:869,0
DA:874,0
DA:881,0
DA:882,0
DA:883,0
DA:886,0
DA:891,0
DA:898,0
DA:899,0
DA:900,0
DA:903,0
DA:908,0
DA:909,0
DA:914,0
DA:921,0
DA:926,0
DA:931,0
DA:932,0
DA:933,0
DA:936,0
DA:937,0
DA:938,0
DA:939,0
DA:940,0
DA:943,0
LF:261
LH:0
BRDA:35,0,0,0
BRDA:35,1,0,0
BRDA:35,1,1,0
BRDA:41,2,0,0
BRDA:41,2,1,0
BRDA:42,3,0,0
BRDA:42,3,1,0
BRDA:55,4,0,0
BRDA:121,5,0,0
BRDA:129,6,0,0
BRDA:145,7,0,0
BRDA:150,8,0,0
BRDA:150,8,1,0
BRDA:160,9,0,0
BRDA:175,10,0,0
BRDA:191,11,0,0
BRDA:205,12,0,0
BRDA:221,13,0,0
BRDA:226,14,0,0
BRDA:226,14,1,0
BRDA:239,15,0,0
BRDA:254,16,0,0
BRDA:270,17,0,0
BRDA:275,18,0,0
BRDA:275,18,1,0
BRDA:285,19,0,0
BRDA:300,20,0,0
BRDA:316,21,0,0
BRDA:330,22,0,0
BRDA:347,23,0,0
BRDA:352,24,0,0
BRDA:352,24,1,0
BRDA:363,25,0,0
BRDA:368,26,0,0
BRDA:368,26,1,0
BRDA:381,27,0,0
BRDA:397,28,0,0
BRDA:411,29,0,0
BRDA:427,30,0,0
BRDA:432,31,0,0
BRDA:432,31,1,0
BRDA:445,32,0,0
BRDA:461,33,0,0
BRDA:466,34,0,0
BRDA:466,34,1,0
BRDA:476,35,0,0
BRDA:485,36,0,0
BRDA:496,37,0,0
BRDA:501,38,0,0
BRDA:501,38,1,0
BRDA:515,39,0,0
BRDA:531,40,0,0
BRDA:547,41,0,0
BRDA:552,42,0,0
BRDA:552,42,1,0
BRDA:563,43,0,0
BRDA:568,44,0,0
BRDA:568,44,1,0
BRDA:579,45,0,0
BRDA:584,46,0,0
BRDA:584,46,1,0
BRDA:597,47,0,0
BRDA:616,48,0,0
BRDA:630,49,0,0
BRDA:644,50,0,0
BRDA:661,51,0,0
BRDA:677,52,0,0
BRDA:692,53,0,0
BRDA:697,54,0,0
BRDA:697,54,1,0
BRDA:700,55,0,0
BRDA:715,56,0,0
BRDA:720,57,0,0
BRDA:720,57,1,0
BRDA:726,58,0,0
BRDA:736,59,0,0
BRDA:869,60,0,0
BRDA:869,60,1,0
BRDA:881,61,0,0
BRDA:898,62,0,0
BRDA:909,63,0,0
BRDA:909,63,1,0
BRDA:931,64,0,0
BRDA:937,65,0,0
BRDA:937,65,1,0
BRDA:938,66,0,0
BRDA:938,66,1,0
BRF:87
BRH:0
end_of_record
TN:
SF:client/src/lib/utils.ts
FN:4,cn
FNF:1
FNH:0
FNDA:0,cn
DA:5,0
LF:1
LH:0
BRF:0
BRH:0
end_of_record
TN:
SF:client/src/lib/websocket-fallback.ts
FN:31,(anonymous_7)
FN:53,(anonymous_8)
FN:70,(anonymous_9)
FN:72,(anonymous_10)
FN:76,(anonymous_11)
FN:80,(anonymous_12)
FN:84,(anonymous_13)
FN:89,(anonymous_14)
FN:95,(anonymous_15)
FN:96,(anonymous_16)
FN:107,(anonymous_17)
FN:108,(anonymous_18)
FN:118,(anonymous_19)
FN:158,(anonymous_21)
FN:182,(anonymous_22)
FN:197,(anonymous_23)
FN:202,(anonymous_24)
FN:203,(anonymous_25)
FN:203,(anonymous_26)
FN:222,(anonymous_27)
FN:230,(anonymous_28)
FN:231,(anonymous_29)
FN:237,(anonymous_30)
FN:238,(anonymous_31)
FN:239,(anonymous_32)
FN:239,(anonymous_33)
FN:255,(anonymous_34)
FN:263,(anonymous_35)
FN:264,(anonymous_36)
FN:269,(anonymous_37)
FN:325,(anonymous_39)
FN:330,(anonymous_40)
FN:336,(anonymous_41)
FN:356,(anonymous_42)
FN:381,(anonymous_43)
FN:387,(anonymous_44)
FN:399,(anonymous_45)
FN:407,(anonymous_46)
FN:416,(anonymous_47)
FN:422,(anonymous_48)
FN:423,(anonymous_49)
FN:428,(anonymous_50)
FN:438,(anonymous_51)
FN:441,(anonymous_52)
FN:448,(anonymous_53)
FN:458,(anonymous_54)
FN:459,(anonymous_55)
FN:463,(anonymous_56)
FN:468,(anonymous_57)
FN:476,(anonymous_58)
FN:478,(anonymous_59)
FN:485,(anonymous_60)
FN:489,(anonymous_61)
FN:494,(anonymous_62)
FN:501,(anonymous_63)
FN:507,(anonymous_64)
FN:511,(anonymous_65)
FN:515,(anonymous_66)
FN:518,(anonymous_67)
FN:530,(anonymous_68)
FN:533,(anonymous_69)
FN:534,(anonymous_70)
FN:545,(anonymous_71)
FNF:63
FNH:0
FNDA:0,(anonymous_7)
FNDA:0,(anonymous_8)
FNDA:0,(anonymous_9)
FNDA:0,(anonymous_10)
FNDA:0,(anonymous_11)
FNDA:0,(anonymous_12)
FNDA:0,(anonymous_13)
FNDA:0,(anonymous_14)
FNDA:0,(anonymous_15)
FNDA:0,(anonymous_16)
FNDA:0,(anonymous_17)
FNDA:0,(anonymous_18)
FNDA:0,(anonymous_19)
FNDA:0,(anonymous_21)
FNDA:0,(anonymous_22)
FNDA:0,(anonymous_23)
FNDA:0,(anonymous_24)
FNDA:0,(anonymous_25)
FNDA:0,(anonymous_26)
FNDA:0,(anonymous_27)
FNDA:0,(anonymous_28)
FNDA:0,(anonymous_29)
FNDA:0,(anonymous_30)
FNDA:0,(anonymous_31)
FNDA:0,(anonymous_32)
FNDA:0,(anonymous_33)
FNDA:0,(anonymous_34)
FNDA:0,(anonymous_35)
FNDA:0,(anonymous_36)
FNDA:0,(anonymous_37)
FNDA:0,(anonymous_39)
FNDA:0,(anonymous_40)
FNDA:0,(anonymous_41)
FNDA:0,(anonymous_42)
FNDA:0,(anonymous_43)
FNDA:0,(anonymous_44)
FNDA:0,(anonymous_45)
FNDA:0,(anonymous_46)
FNDA:0,(anonymous_47)
FNDA:0,(anonymous_48)
FNDA:0,(anonymous_49)
FNDA:0,(anonymous_50)
FNDA:0,(anonymous_51)
FNDA:0,(anonymous_52)
FNDA:0,(anonymous_53)
FNDA:0,(anonymous_54)
FNDA:0,(anonymous_55)
FNDA:0,(anonymous_56)
FNDA:0,(anonymous_57)
FNDA:0,(anonymous_58)
FNDA:0,(anonymous_59)
FNDA:0,(anonymous_60)
FNDA:0,(anonymous_61)
FNDA:0,(anonymous_62)
FNDA:0,(anonymous_63)
FNDA:0,(anonymous_64)
FNDA:0,(anonymous_65)
FNDA:0,(anonymous_66)
FNDA:0,(anonymous_67)
FNDA:0,(anonymous_68)
FNDA:0,(anonymous_69)
FNDA:0,(anonymous_70)
FNDA:0,(anonymous_71)
DA:31,0
DA:32,0
DA:33,0
DA:34,0
DA:35,0
DA:36,0
DA:46,0
DA:47,0
DA:48,0
DA:49,0
DA:50,0
DA:51,0
DA:53,0
DA:54,0
DA:56,0
DA:66,0
DA:67,0
DA:72,0
DA:73,0
DA:76,0
DA:77,0
DA:80,0
DA:81,0
DA:84,0
DA:85,0
DA:89,0
DA:90,0
DA:96,0
DA:99,0
DA:102,0
DA:103,0
DA:108,0
DA:109,0
DA:110,0
DA:111,0
DA:114,0
DA:120,0
DA:121,0
DA:122,0
DA:123,0
DA:124,0
DA:125,0
DA:131,0
DA:132,0
DA:133,0
DA:137,0
DA:138,0
DA:139,0
DA:140,0
DA:141,0
DA:142,0
DA:145,0
DA:150,0
DA:151,0
DA:154,0
DA:159,0
DA:161,0
DA:163,0
DA:166,0
DA:167,0
DA:168,0
DA:169,0
DA:170,0
DA:171,0
DA:172,0
DA:173,0
DA:174,0
DA:177,0
DA:178,0
DA:183,0
DA:185,0
DA:186,0
DA:189,0
DA:190,0
DA:191,0
DA:193,0
DA:198,0
DA:200,0
DA:202,0
DA:203,0
DA:204,0
DA:205,0
DA:206,0
DA:207,0
DA:208,0
DA:211,0
DA:212,0
DA:216,0
DA:219,0
DA:223,0
DA:224,0
DA:225,0
DA:226,0
DA:231,0
DA:232,0
DA:233,0
DA:238,0
DA:239,0
DA:240,0
DA:241,0
DA:242,0
DA:243,0
DA:244,0
DA:247,0
DA:251,0
DA:256,0
DA:257,0
DA:258,0
DA:259,0
DA:264,0
DA:265,0
DA:270,0
DA:272,0
DA:273,0
DA:274,0
DA:277,0
DA:278,0
DA:280,0
DA:282,0
DA:283,0
DA:284,0
DA:297,0
DA:302,0
DA:303,0
DA:306,0
DA:307,0
DA:310,0
DA:311,0
DA:312,0
DA:316,0
DA:317,0
DA:321,0
DA:326,0
DA:327,0
DA:331,0
DA:332,0
DA:337,0
DA:339,0
DA:345,0
DA:346,0
DA:349,0
DA:350,0
DA:353,0
DA:357,0
DA:358,0
DA:361,0
DA:362,0
DA:363,0
DA:378,0
DA:382,0
DA:383,0
DA:388,0
DA:390,0
DA:391,0
DA:392,0
DA:394,0
DA:395,0
DA:396,0
DA:399,0
DA:400,0
DA:404,0
DA:408,0
DA:409,0
DA:410,0
DA:411,0
DA:412,0
DA:417,0
DA:418,0
DA:423,0
DA:424,0
DA:429,0
DA:431,0
DA:432,0
DA:433,0
DA:434,0
DA:439,0
DA:440,0
DA:441,0
DA:443,0
DA:445,0
DA:449,0
DA:450,0
DA:453,0
DA:454,0
DA:459,0
DA:464,0
DA:466,0
DA:468,0
DA:469,0
DA:470,0
DA:478,0
DA:479,0
DA:480,0
DA:486,0
DA:489,0
DA:490,0
DA:495,0
DA:498,0
DA:502,0
DA:508,0
DA:512,0
DA:513,0
DA:515,0
DA:516,0
DA:517,0
DA:518,0
DA:519,0
DA:523,0
DA:531,0
DA:533,0
DA:534,0
DA:535,0
DA:536,0
DA:538,0
DA:542,0
DA:546,0
DA:547,0
DA:548,0
DA:549,0
DA:550,0
DA:552,0
DA:557,0
DA:572,0
LF:223
LH:0
BRDA:31,0,0,0
BRDA:31,0,1,0
BRDA:102,1,0,0
BRDA:120,2,0,0
BRDA:122,3,0,0
BRDA:124,4,0,0
BRDA:132,5,0,0
BRDA:137,6,0,0
BRDA:140,7,0,0
BRDA:150,8,0,0
BRDA:159,9,0,0
BRDA:166,10,0,0
BRDA:166,10,1,0
BRDA:166,11,0,0
BRDA:166,11,1,0
BRDA:169,12,0,0
BRDA:169,12,1,0
BRDA:169,13,0,0
BRDA:169,13,1,0
BRDA:172,14,0,0
BRDA:183,15,0,0
BRDA:198,16,0,0
BRDA:206,17,0,0
BRDA:224,18,0,0
BRDA:242,19,0,0
BRDA:257,20,0,0
BRDA:273,21,0,0
BRDA:280,22,0,0
BRDA:280,22,1,0
BRDA:280,22,2,0
BRDA:283,23,0,0
BRDA:310,24,0,0
BRDA:345,25,0,0
BRDA:345,25,1,0
BRDA:349,26,0,0
BRDA:357,27,0,0
BRDA:357,27,1,0
BRDA:362,28,0,0
BRDA:382,29,0,0
BRDA:382,29,1,0
BRDA:383,30,0,0
BRDA:383,30,1,0
BRDA:388,31,0,0
BRDA:390,32,0,0
BRDA:390,32,1,0
BRDA:394,33,0,0
BRDA:409,34,0,0
BRDA:418,35,0,0
BRDA:418,35,1,0
BRDA:418,36,0,0
BRDA:418,36,1,0
BRDA:418,37,0,0
BRDA:418,37,1,0
BRDA:431,38,0,0
BRDA:431,38,1,0
BRDA:431,39,0,0
BRDA:431,39,1,0
BRDA:433,40,0,0
BRDA:433,41,0,0
BRDA:433,41,1,0
BRDA:445,42,0,0
BRDA:445,42,1,0
BRDA:453,43,0,0
BRDA:453,44,0,0
BRDA:453,44,1,0
BRDA:466,45,0,0
BRDA:469,46,0,0
BRDA:479,47,0,0
BRDA:517,48,0,0
BRDA:535,49,0,0
BRDA:535,49,1,0
BRF:71
BRH:0
end_of_record
TN:
SF:client/src/lib/websocket-manager.ts
FN:46,(anonymous_7)
FN:66,(anonymous_8)
FN:72,(anonymous_9)
FN:90,(anonymous_10)
FN:115,(anonymous_12)
FN:116,(anonymous_14)
FN:117,(anonymous_15)
FN:128,(anonymous_16)
FN:143,(anonymous_17)
FN:144,(anonymous_18)
FN:152,(anonymous_19)
FN:153,(anonymous_20)
FN:156,(anonymous_21)
FN:166,(anonymous_22)
FN:167,(anonymous_23)
FN:169,(anonymous_24)
FN:179,(anonymous_25)
FN:184,(anonymous_26)
FN:189,(anonymous_27)
FN:191,(anonymous_28)
FN:192,(anonymous_29)
FN:198,(anonymous_30)
FN:213,(anonymous_31)
FN:219,(anonymous_32)
FN:222,(anonymous_33)
FN:223,(anonymous_34)
FN:229,(anonymous_35)
FN:234,(anonymous_36)
FN:235,(anonymous_38)
FN:236,(anonymous_39)
FN:240,(anonymous_40)
FN:255,(anonymous_41)
FN:259,(anonymous_42)
FN:264,(anonymous_43)
FN:272,(anonymous_44)
FN:306,(anonymous_45)
FN:320,(anonymous_46)
FN:327,(anonymous_47)
FN:352,(anonymous_48)
FN:353,(anonymous_49)
FN:362,(anonymous_50)
FN:366,(anonymous_51)
FN:373,(anonymous_52)
FN:390,(anonymous_53)
FN:408,(anonymous_54)
FN:415,(anonymous_55)
FN:420,(anonymous_56)
FN:424,(anonymous_57)
FN:432,(anonymous_58)
FN:440,(anonymous_59)
FN:458,(anonymous_60)
FNF:51
FNH:0
FNDA:0,(anonymous_7)
FNDA:0,(anonymous_8)
FNDA:0,(anonymous_9)
FNDA:0,(anonymous_10)
FNDA:0,(anonymous_12)
FNDA:0,(anonymous_14)
FNDA:0,(anonymous_15)
FNDA:0,(anonymous_16)
FNDA:0,(anonymous_17)
FNDA:0,(anonymous_18)
FNDA:0,(anonymous_19)
FNDA:0,(anonymous_20)
FNDA:0,(anonymous_21)
FNDA:0,(anonymous_22)
FNDA:0,(anonymous_23)
FNDA:0,(anonymous_24)
FNDA:0,(anonymous_25)
FNDA:0,(anonymous_26)
FNDA:0,(anonymous_27)
FNDA:0,(anonymous_28)
FNDA:0,(anonymous_29)
FNDA:0,(anonymous_30)
FNDA:0,(anonymous_31)
FNDA:0,(anonymous_32)
FNDA:0,(anonymous_33)
FNDA:0,(anonymous_34)
FNDA:0,(anonymous_35)
FNDA:0,(anonymous_36)
FNDA:0,(anonymous_38)
FNDA:0,(anonymous_39)
FNDA:0,(anonymous_40)
FNDA:0,(anonymous_41)
FNDA:0,(anonymous_42)
FNDA:0,(anonymous_43)
FNDA:0,(anonymous_44)
FNDA:0,(anonymous_45)
FNDA:0,(anonymous_46)
FNDA:0,(anonymous_47)
FNDA:0,(anonymous_48)
FNDA:0,(anonymous_49)
FNDA:0,(anonymous_50)
FNDA:0,(anonymous_51)
FNDA:0,(anonymous_52)
FNDA:0,(anonymous_53)
FNDA:0,(anonymous_54)
FNDA:0,(anonymous_55)
FNDA:0,(anonymous_56)
FNDA:0,(anonymous_57)
FNDA:0,(anonymous_58)
FNDA:0,(anonymous_59)
FNDA:0,(anonymous_60)
DA:46,0
DA:47,0
DA:48,0
DA:49,0
DA:50,0
DA:51,0
DA:52,0
DA:56,0
DA:57,0
DA:58,0
DA:59,0
DA:60,0
DA:61,0
DA:62,0
DA:63,0
DA:64,0
DA:67,0
DA:68,0
DA:73,0
DA:74,0
DA:75,0
DA:84,0
DA:86,0
DA:91,0
DA:92,0
DA:93,0
DA:96,0
DA:97,0
DA:100,0
DA:102,0
DA:103,0
DA:104,0
DA:106,0
DA:109,0
DA:110,0
DA:116,0
DA:117,0
DA:118,0
DA:119,0
DA:123,0
DA:124,0
DA:129,0
DA:130,0
DA:131,0
DA:132,0
DA:135,0
DA:136,0
DA:137,0
DA:139,0
DA:144,0
DA:145,0
DA:148,0
DA:153,0
DA:156,0
DA:157,0
DA:158,0
DA:162,0
DA:167,0
DA:169,0
DA:170,0
DA:171,0
DA:175,0
DA:180,0
DA:185,0
DA:190,0
DA:191,0
DA:192,0
DA:194,0
DA:197,0
DA:199,0
DA:200,0
DA:203,0
DA:204,0
DA:205,0
DA:206,0
DA:208,0
DA:213,0
DA:215,0
DA:220,0
DA:222,0
DA:223,0
DA:224,0
DA:228,0
DA:229,0
DA:235,0
DA:236,0
DA:237,0
DA:240,0
DA:241,0
DA:242,0
DA:243,0
DA:244,0
DA:247,0
DA:248,0
DA:251,0
DA:252,0
DA:255,0
DA:256,0
DA:259,0
DA:260,0
DA:261,0
DA:264,0
DA:265,0
DA:266,0
DA:267,0
DA:273,0
DA:274,0
DA:277,0
DA:280,0
DA:281,0
DA:288,0
DA:289,0
DA:292,0
DA:293,0
DA:296,0
DA:297,0
DA:301,0
DA:302,0
DA:307,0
DA:308,0
DA:310,0
DA:311,0
DA:312,0
DA:314,0
DA:315,0
DA:316,0
DA:321,0
DA:322,0
DA:323,0
DA:324,0
DA:328,0
DA:329,0
DA:331,0
DA:333,0
DA:334,0
DA:335,0
DA:336,0
DA:340,0
DA:341,0
DA:347,0
DA:348,0
DA:350,0
DA:352,0
DA:353,0
DA:354,0
DA:358,0
DA:359,0
DA:363,0
DA:364,0
DA:366,0
DA:367,0
DA:370,0
DA:374,0
DA:375,0
DA:376,0
DA:380,0
DA:382,0
DA:383,0
DA:385,0
DA:386,0
DA:391,0
DA:392,0
DA:394,0
DA:400,0
DA:401,0
DA:402,0
DA:404,0
DA:409,0
DA:416,0
DA:417,0
DA:421,0
DA:425,0
DA:426,0
DA:427,0
DA:428,0
DA:433,0
DA:434,0
DA:435,0
DA:436,0
DA:441,0
DA:442,0
DA:444,0
DA:445,0
DA:448,0
DA:449,0
DA:453,0
DA:455,0
DA:459,0
DA:460,0
DA:461,0
DA:462,0
DA:463,0
DA:469,0
DA:472,0
LF:194
LH:0
BRDA:46,0,0,0
BRDA:46,0,1,0
BRDA:92,1,0,0
BRDA:96,2,0,0
BRDA:130,3,0,0
BRDA:157,4,0,0
BRDA:170,5,0,0
BRDA:194,6,0,0
BRDA:204,7,0,0
BRDA:204,7,1,0
BRDA:215,8,0,0
BRDA:215,8,1,0
BRDA:215,9,0,0
BRDA:215,9,1,0
BRDA:215,10,0,0
BRDA:215,10,1,0
BRDA:247,11,0,0
BRDA:280,12,0,0
BRDA:288,13,0,0
BRDA:288,13,1,0
BRDA:292,14,0,0
BRDA:310,15,0,0
BRDA:310,15,1,0
BRDA:329,16,0,0
BRDA:331,17,0,0
BRDA:331,17,1,0
BRDA:333,18,0,0
BRDA:364,19,0,0
BRDA:375,20,0,0
BRDA:375,21,0,0
BRDA:375,21,1,0
BRDA:392,22,0,0
BRDA:392,23,0,0
BRDA:392,23,1,0
BRDA:409,24,0,0
BRDA:409,24,1,0
BRDA:409,24,2,0
BRDA:409,24,3,0
BRDA:426,25,0,0
BRDA:434,26,0,0
BRDA:442,27,0,0
BRDA:453,28,0,0
BRDA:453,28,1,0
BRDA:453,29,0,0
BRDA:453,29,1,0
BRDA:460,30,0,0
BRF:46
BRH:0
end_of_record
TN:
SF:client/src/lib/websocket-pool.ts
FN:45,(anonymous_7)
FN:52,(anonymous_8)
FN:92,(anonymous_10)
FN:106,(anonymous_12)
FN:107,(anonymous_13)
FN:111,(anonymous_14)
FN:117,(anonymous_15)
FN:123,(anonymous_16)
FN:127,(anonymous_17)
FN:153,(anonymous_18)
FN:154,(anonymous_19)
FN:156,(anonymous_20)
FN:188,(anonymous_21)
FN:198,(anonymous_22)
FN:201,(anonymous_23)
FN:210,(anonymous_24)
FN:213,(anonymous_25)
FN:217,(anonymous_26)
FN:218,(anonymous_27)
FN:224,(anonymous_28)
FN:228,(anonymous_29)
FN:238,(anonymous_30)
FN:251,(anonymous_31)
FN:255,(anonymous_32)
FN:269,(anonymous_33)
FN:275,(anonymous_34)
FN:276,(anonymous_36)
FN:280,(anonymous_37)
FN:281,(anonymous_38)
FN:286,(anonymous_39)
FN:291,(anonymous_40)
FN:300,(anonymous_41)
FN:329,(anonymous_43)
FN:347,(anonymous_44)
FN:357,(anonymous_46)
FN:375,(anonymous_47)
FN:384,(anonymous_48)
FN:398,(anonymous_49)
FN:403,(anonymous_50)
FN:412,(anonymous_51)
FN:424,(anonymous_52)
FN:433,(anonymous_53)
FN:442,(anonymous_54)
FN:457,(anonymous_55)
FN:464,(anonymous_56)
FN:466,(anonymous_57)
FN:486,(anonymous_58)
FN:491,(anonymous_59)
FN:492,(anonymous_60)
FN:497,(anonymous_61)
FN:498,(anonymous_62)
FN:499,(anonymous_63)
FN:512,(anonymous_64)
FN:514,(anonymous_65)
FN:520,(anonymous_66)
FN:524,(anonymous_67)
FN:528,(anonymous_68)
FN:529,(anonymous_69)
FN:531,(anonymous_70)
FN:533,(anonymous_71)
FN:537,(anonymous_72)
FN:542,(anonymous_73)
FN:544,(anonymous_74)
FN:545,(anonymous_75)
FNF:64
FNH:0
FNDA:0,(anonymous_7)
FNDA:0,(anonymous_8)
FNDA:0,(anonymous_10)
FNDA:0,(anonymous_12)
FNDA:0,(anonymous_13)
FNDA:0,(anonymous_14)
FNDA:0,(anonymous_15)
FNDA:0,(anonymous_16)
FNDA:0,(anonymous_17)
FNDA:0,(anonymous_18)
FNDA:0,(anonymous_19)
FNDA:0,(anonymous_20)
FNDA:0,(anonymous_21)
FNDA:0,(anonymous_22)
FNDA:0,(anonymous_23)
FNDA:0,(anonymous_24)
FNDA:0,(anonymous_25)
FNDA:0,(anonymous_26)
FNDA:0,(anonymous_27)
FNDA:0,(anonymous_28)
FNDA:0,(anonymous_29)
FNDA:0,(anonymous_30)
FNDA:0,(anonymous_31)
FNDA:0,(anonymous_32)
FNDA:0,(anonymous_33)
FNDA:0,(anonymous_34)
FNDA:0,(anonymous_36)
FNDA:0,(anonymous_37)
FNDA:0,(anonymous_38)
FNDA:0,(anonymous_39)
FNDA:0,(anonymous_40)
FNDA:0,(anonymous_41)
FNDA:0,(anonymous_43)
FNDA:0,(anonymous_44)
FNDA:0,(anonymous_46)
FNDA:0,(anonymous_47)
FNDA:0,(anonymous_48)
FNDA:0,(anonymous_49)
FNDA:0,(anonymous_50)
FNDA:0,(anonymous_51)
FNDA:0,(anonymous_52)
FNDA:0,(anonymous_53)
FNDA:0,(anonymous_54)
FNDA:0,(anonymous_55)
FNDA:0,(anonymous_56)
FNDA:0,(anonymous_57)
FNDA:0,(anonymous_58)
FNDA:0,(anonymous_59)
[...]
FN:155,(anonymous_25)
FN:168,(anonymous_26)
FN:168,(anonymous_27)
FN:176,(anonymous_28)
FN:176,(anonymous_29)
FN:189,(anonymous_30)
FN:189,(anonymous_31)
FN:197,(anonymous_32)
FN:197,(anonymous_33)
FN:210,(anonymous_34)
FN:210,(anonymous_35)
FN:219,(anonymous_36)
FN:264,(anonymous_38)
FN:264,(anonymous_39)
FN:297,(anonymous_40)
FN:301,(anonymous_41)
FN:330,(anonymous_43)
FN:374,(anonymous_45)
FN:380,(anonymous_46)
FN:385,(anonymous_47)
FNF:37
FNH:0
FNDA:0,(anonymous_7)
FNDA:0,(anonymous_8)
FNDA:0,(anonymous_10)
FNDA:0,(anonymous_11)
FNDA:0,(anonymous_12)
FNDA:0,(anonymous_13)
FNDA:0,(anonymous_14)
FNDA:0,(anonymous_15)
FNDA:0,(anonymous_16)
FNDA:0,(anonymous_17)
FNDA:0,(anonymous_18)
FNDA:0,(anonymous_19)
FNDA:0,(anonymous_20)
FNDA:0,(anonymous_21)
FNDA:0,(anonymous_22)
FNDA:0,(anonymous_23)
FNDA:0,(anonymous_24)
FNDA:0,(anonymous_25)
FNDA:0,(anonymous_26)
FNDA:0,(anonymous_27)
FNDA:0,(anonymous_28)
FNDA:0,(anonymous_29)
FNDA:0,(anonymous_30)
FNDA:0,(anonymous_31)
FNDA:0,(anonymous_32)
FNDA:0,(anonymous_33)
FNDA:0,(anonymous_34)
FNDA:0,(anonymous_35)
FNDA:0,(anonymous_36)
FNDA:0,(anonymous_38)
FNDA:0,(anonymous_39)
FNDA:0,(anonymous_40)
FNDA:0,(anonymous_41)
FNDA:0,(anonymous_43)
FNDA:0,(anonymous_45)
FNDA:0,(anonymous_46)
FNDA:0,(anonymous_47)
DA:20,0
DA:21,0
DA:22,0
DA:23,0
DA:26,0
DA:29,0
DA:30,0
DA:31,0
DA:34,0
DA:35,0
DA:38,0
DA:39,0
DA:42,0
DA:43,0
DA:44,0
DA:45,0
DA:46,0
DA:51,0
DA:53,0
DA:57,0
DA:59,0
DA:62,0
DA:63,0
DA:64,0
DA:67,0
DA:68,0
DA:69,0
DA:70,0
DA:71,0
DA:73,0
DA:77,0
DA:81,0
DA:83,0
DA:85,0
DA:86,0
DA:88,0
DA:90,0
DA:91,0
DA:92,0
DA:96,0
DA:97,0
DA:98,0
DA:101,0
DA:103,0
DA:104,0
DA:107,0
DA:109,0
DA:110,0
DA:111,0
DA:112,0
DA:114,0
DA:120,0
DA:121,0
DA:122,0
DA:123,0
DA:125,0
DA:131,0
DA:134,0
DA:135,0
DA:137,0
DA:138,0
DA:139,0
DA:140,0
DA:141,0
DA:145,0
DA:147,0
DA:150,0
DA:152,0
DA:155,0
DA:156,0
DA:158,0
DA:159,0
DA:160,0
DA:161,0
DA:162,0
DA:166,0
DA:168,0
DA:171,0
DA:173,0
DA:176,0
DA:177,0
DA:179,0
DA:180,0
DA:181,0
DA:182,0
DA:183,0
DA:187,0
DA:189,0
DA:192,0
DA:194,0
DA:197,0
DA:198,0
DA:200,0
DA:201,0
DA:202,0
DA:203,0
DA:204,0
DA:208,0
DA:210,0
DA:213,0
DA:215,0
DA:223,0
DA:224,0
DA:227,0
DA:228,0
DA:231,0
DA:232,0
DA:234,0
DA:235,0
DA:239,0
DA:247,0
DA:248,0
DA:249,0
DA:250,0
DA:254,0
DA:255,0
DA:256,0
DA:257,0
DA:260,0
DA:261,0
DA:264,0
DA:265,0
DA:269,0
DA:271,0
DA:272,0
DA:274,0
DA:275,0
DA:278,0
DA:279,0
DA:280,0
DA:283,0
DA:284,0
DA:285,0
DA:289,0
DA:290,0
DA:291,0
DA:297,0
DA:298,0
DA:305,0
DA:307,0
DA:308,0
DA:310,0
DA:312,0
DA:313,0
DA:314,0
DA:315,0
DA:319,0
DA:320,0
DA:321,0
DA:326,0
DA:331,0
DA:333,0
DA:334,0
DA:335,0
DA:338,0
DA:339,0
DA:340,0
DA:342,0
DA:361,0
DA:362,0
DA:364,0
DA:375,0
DA:376,0
DA:377,0
DA:381,0
DA:382,0
DA:386,0
DA:387,0
LF:168
LH:0
BRDA:38,0,0,0
BRDA:42,1,0,0
BRDA:44,2,0,0
BRDA:62,3,0,0
BRDA:67,4,0,0
BRDA:67,4,1,0
BRDA:70,5,0,0
BRDA:70,5,1,0
BRDA:81,6,0,0
BRDA:85,7,0,0
BRDA:85,7,1,0
BRDA:85,8,0,0
BRDA:85,8,1,0
BRDA:90,9,0,0
BRDA:90,9,1,0
BRDA:134,10,0,0
BRDA:137,11,0,0
BRDA:139,12,0,0
BRDA:155,13,0,0
BRDA:158,14,0,0
BRDA:160,15,0,0
BRDA:176,16,0,0
BRDA:179,17,0,0
BRDA:181,18,0,0
BRDA:197,19,0,0
BRDA:197,20,0,0
BRDA:200,21,0,0
BRDA:202,22,0,0
BRDA:223,23,0,0
BRDA:227,24,0,0
BRDA:227,24,1,0
BRDA:234,25,0,0
BRDA:234,26,0,0
BRDA:234,26,1,0
BRDA:247,27,0,0
BRDA:255,28,0,0
BRDA:278,29,0,0
BRDA:283,30,0,0
BRDA:289,31,0,0
BRDA:305,32,0,0
BRDA:305,32,1,0
BRDA:310,33,0,0
BRDA:310,34,0,0
BRDA:310,34,1,0
BRDA:310,34,2,0
BRDA:313,35,0,0
BRDA:320,36,0,0
BRDA:361,37,0,0
BRDA:361,37,1,0
BRF:49
BRH:0
end_of_record
TN:
SF:server/services/unified-api/providers/alpha-vantage.provider.ts
FN:33,(anonymous_7)
FN:44,(anonymous_8)
FN:67,(anonymous_10)
FN:82,(anonymous_12)
FN:123,(anonymous_14)
FN:164,(anonymous_16)
FN:217,(anonymous_18)
FN:257,(anonymous_20)
FN:257,(anonymous_21)
FN:277,(anonymous_22)
FN:278,(anonymous_23)
FN:302,(anonymous_24)
FN:320,(anonymous_25)
FN:331,(anonymous_26)
FN:345,(anonymous_27)
FN:357,(anonymous_28)
FN:363,(anonymous_29)
FN:373,(anonymous_30)
FN:386,(anonymous_31)
FN:402,(anonymous_32)
FN:420,(anonymous_33)
FN:462,(anonymous_34)
FN:515,(anonymous_35)
FN:558,(anonymous_36)
FNF:24
FNH:0
FNDA:0,(anonymous_7)
FNDA:0,(anonymous_8)
FNDA:0,(anonymous_10)
FNDA:0,(anonymous_12)
FNDA:0,(anonymous_14)
FNDA:0,(anonymous_16)
FNDA:0,(anonymous_18)
FNDA:0,(anonymous_20)
FNDA:0,(anonymous_21)
FNDA:0,(anonymous_22)
FNDA:0,(anonymous_23)
FNDA:0,(anonymous_24)
FNDA:0,(anonymous_25)
FNDA:0,(anonymous_26)
FNDA:0,(anonymous_27)
FNDA:0,(anonymous_28)
FNDA:0,(anonymous_29)
FNDA:0,(anonymous_30)
FNDA:0,(anonymous_31)
FNDA:0,(anonymous_32)
FNDA:0,(anonymous_33)
FNDA:0,(anonymous_34)
FNDA:0,(anonymous_35)
FNDA:0,(anonymous_36)
DA:17,0
DA:18,0
DA:19,0
DA:30,0
DA:31,0
DA:34,0
DA:36,0
DA:37,0
DA:38,0
DA:45,0
DA:47,0
DA:48,0
DA:49,0
DA:53,0
DA:60,0
DA:62,0
DA:63,0
DA:68,0
DA:69,0
DA:76,0
DA:78,0
DA:83,0
DA:85,0
DA:86,0
DA:89,0
DA:97,0
DA:99,0
DA:101,0
DA:102,0
DA:105,0
DA:106,0
DA:107,0
DA:109,0
DA:119,0
DA:124,0
DA:126,0
DA:127,0
DA:130,0
DA:138,0
DA:140,0
DA:142,0
DA:143,0
DA:146,0
DA:160,0
DA:165,0
DA:167,0
DA:168,0
DA:171,0
DA:173,0
DA:182,0
DA:184,0
DA:186,0
DA:187,0
DA:190,0
DA:191,0
DA:192,0
DA:194,0
DA:195,0
DA:196,0
DA:206,0
DA:213,0
DA:218,0
DA:220,0
DA:221,0
DA:224,0
DA:232,0
DA:234,0
DA:236,0
DA:237,0
DA:240,0
DA:253,0
DA:257,0
DA:258,0
DA:260,0
DA:261,0
DA:264,0
DA:273,0
DA:275,0
DA:277,0
DA:278,0
DA:280,0
DA:291,0
DA:298,0
DA:303,0
DA:306,0
DA:311,0
DA:314,0
DA:316,0
DA:321,0
DA:322,0
DA:323,0
DA:324,0
DA:325,0
DA:326,0
DA:328,0
DA:332,0
DA:333,0
DA:334,0
DA:335,0
DA:336,0
DA:337,0
DA:338,0
DA:339,0
DA:340,0
DA:341,0
DA:347,0
DA:348,0
DA:349,0
DA:350,0
DA:351,0
DA:352,0
DA:354,0
DA:358,0
DA:359,0
DA:360,0
DA:364,0
DA:365,0
DA:367,0
DA:368,0
DA:374,0
DA:375,0
DA:378,0
DA:379,0
DA:382,0
DA:387,0
DA:388,0
DA:389,0
DA:391,0
DA:403,0
DA:405,0
DA:421,0
DA:422,0
DA:424,0
DA:425,0
DA:427,0
DA:428,0
DA:429,0
DA:431,0
DA:432,0
DA:433,0
DA:435,0
DA:438,0
DA:439,0
DA:440,0
DA:442,0
DA:451,0
DA:454,0
DA:463,0
DA:490,0
DA:499,0
DA:501,0
DA:516,0
DA:529,0
DA:531,0
DA:533,0
DA:534,0
DA:535,0
DA:537,0
DA:539,0
DA:550,0
DA:559,0
DA:572,0
LF:162
LH:0
BRDA:47,0,0,0
BRDA:76,1,0,0
BRDA:76,1,1,0
BRDA:85,2,0,0
BRDA:101,3,0,0
BRDA:101,4,0,0
BRDA:101,4,1,0
BRDA:114,5,0,0
BRDA:114,5,1,0
BRDA:126,6,0,0
BRDA:142,7,0,0
BRDA:148,8,0,0
BRDA:148,8,1,0
BRDA:149,9,0,0
BRDA:149,9,1,0
BRDA:150,10,0,0
BRDA:150,10,1,0
BRDA:151,11,0,0
BRDA:151,11,1,0
BRDA:152,12,0,0
BRDA:152,12,1,0
BRDA:153,13,0,0
BRDA:153,13,1,0
BRDA:154,14,0,0
BRDA:154,14,1,0
BRDA:155,15,0,0
BRDA:155,15,1,0
BRDA:167,16,0,0
BRDA:186,17,0,0
BRDA:220,18,0,0
BRDA:236,19,0,0
BRDA:242,20,0,0
BRDA:242,20,1,0
BRDA:243,21,0,0
BRDA:243,21,1,0
BRDA:244,22,0,0
BRDA:244,22,1,0
BRDA:245,23,0,0
BRDA:245,23,1,0
BRDA:246,24,0,0
BRDA:246,24,1,0
BRDA:248,25,0,0
BRDA:248,25,1,0
BRDA:257,26,0,0
BRDA:260,27,0,0
BRDA:275,28,0,0
BRDA:275,28,1,0
BRDA:278,29,0,0
BRDA:278,29,1,0
BRDA:278,30,0,0
BRDA:278,30,1,0
BRDA:278,31,0,0
BRDA:278,31,1,0
BRDA:303,32,0,0
BRDA:303,32,1,0
BRDA:303,32,2,0
BRDA:303,32,3,0
BRDA:303,32,4,0
BRDA:303,32,5,0
BRDA:303,32,6,0
BRDA:303,32,7,0
BRDA:303,32,8,0
BRDA:321,33,0,0
BRDA:321,33,1,0
BRDA:322,34,0,0
BRDA:322,34,1,0
BRDA:322,34,2,0
BRDA:323,35,0,0
BRDA:323,35,1,0
BRDA:325,36,0,0
BRDA:332,37,0,0
BRDA:332,37,1,0
BRDA:332,37,2,0
BRDA:332,37,3,0
BRDA:332,37,4,0
BRDA:332,37,5,0
BRDA:332,37,6,0
BRDA:332,37,7,0
BRDA:332,37,8,0
BRDA:358,38,0,0
BRDA:359,39,0,0
BRDA:364,40,0,0
BRDA:367,41,0,0
BRDA:374,42,0,0
BRDA:374,43,0,0
BRDA:374,43,1,0
BRDA:374,44,0,0
BRDA:374,44,1,0
BRDA:378,45,0,0
BRDA:378,46,0,0
BRDA:378,46,1,0
BRDA:378,47,0,0
BRDA:378,47,1,0
BRDA:432,48,0,0
BRDA:432,48,1,0
BRDA:432,49,0,0
BRDA:432,49,1,0
BRDA:499,50,0,0
BRDA:499,50,1,0
BRDA:503,51,0,0
BRDA:503,51,1,0
BRDA:504,52,0,0
BRDA:504,52,1,0
BRDA:505,53,0,0
BRDA:505,53,1,0
BRDA:506,54,0,0
BRDA:506,54,1,0
BRDA:507,55,0,0
BRDA:507,55,1,0
BRDA:509,56,0,0
BRDA:509,56,1,0
BRDA:546,57,0,0
BRDA:546,57,1,0
BRDA:546,58,0,0
BRDA:546,58,1,0
BRDA:572,59,0,0
BRDA:572,59,1,0
BRF:117
BRH:0
end_of_record
TN:
SF:server/services/unified-api/providers/finnhub.provider.ts
FN:33,(anonymous_8)
FN:47,(anonymous_9)
FN:66,(anonymous_11)
FN:82,(anonymous_13)
FN:113,(anonymous_15)
FN:146,(anonymous_17)
FN:151,(anonymous_19)
FN:180,(anonymous_21)
FN:180,(anonymous_22)
FN:198,(anonymous_23)
FN:219,(anonymous_24)
FN:227,(anonymous_25)
FN:246,(anonymous_26)
FN:262,(anonymous_27)
FNF:14
FNH:9
FNDA:1,(anonymous_8)
FNDA:1,(anonymous_9)
FNDA:1,(anonymous_11)
FNDA:2,(anonymous_13)
FNDA:1,(anonymous_15)
FNDA:0,(anonymous_17)
FNDA:1,(anonymous_19)
FNDA:1,(anonymous_21)
FNDA:1,(anonymous_22)
FNDA:0,(anonymous_23)
FNDA:0,(anonymous_24)
FNDA:5,(anonymous_25)
FNDA:0,(anonymous_26)
FNDA:0,(anonymous_27)
DA:1,1
DA:2,1
DA:16,1
DA:17,1
DA:18,1
DA:19,1
DA:30,1
DA:31,1
DA:34,1
DA:36,1
DA:37,1
DA:38,1
DA:48,1
DA:50,1
DA:51,0
DA:52,0
DA:56,1
DA:59,0
DA:61,1
DA:62,1
DA:67,1
DA:69,1
DA:70,0
DA:73,1
DA:76,0
DA:78,1
DA:83,2
DA:85,2
DA:86,0
DA:89,2
DA:93,0
DA:95,0
DA:96,0
DA:99,0
DA:109,2
DA:114,1
DA:116,1
DA:125,0
DA:126,0
DA:128,0
DA:142,1
DA:148,0
DA:152,1
DA:153,1
DA:157,0
DA:159,0
DA:160,0
DA:163,0
DA:176,1
DA:180,1
DA:181,1
DA:183,1
DA:184,1
DA:185,1
DA:187,1
DA:195,0
DA:198,0
DA:208,0
DA:215,1
DA:220,0
DA:221,0
DA:222,0
DA:223,0
DA:228,5
DA:229,0
DA:232,5
DA:233,0
DA:234,0
DA:235,0
DA:238,5
DA:239,0
DA:242,5
DA:247,0
DA:248,0
DA:249,0
DA:251,0
DA:263,0
DA:276,0
LF:78
LH:42
BRDA:50,0,0,0
BRDA:69,1,0,0
BRDA:85,2,0,0
BRDA:95,3,0,0
BRDA:95,4,0,0
BRDA:95,4,1,0
BRDA:102,5,0,0
BRDA:102,5,1,0
BRDA:103,6,0,0
BRDA:103,6,1,0
BRDA:104,7,0,0
BRDA:104,7,1,0
BRDA:125,8,0,0
BRDA:125,8,1,0
BRDA:130,9,0,0
BRDA:130,9,1,0
BRDA:131,10,0,0
BRDA:131,10,1,0
BRDA:132,11,0,0
BRDA:132,11,1,0
BRDA:133,12,0,0
BRDA:133,12,1,0
BRDA:134,13,0,0
BRDA:134,13,1,0
BRDA:135,14,0,0
BRDA:135,14,1,0
BRDA:136,15,0,0
BRDA:136,15,1,0
BRDA:137,16,0,0
BRDA:137,16,1,0
BRDA:159,17,0,0
BRDA:165,18,0,0
BRDA:165,18,1,0
BRDA:166,19,0,0
BRDA:166,19,1,0
BRDA:167,20,0,0
BRDA:167,20,1,0
BRDA:168,21,0,0
BRDA:168,21,1,0
BRDA:170,22,0,0
BRDA:170,22,1,0
BRDA:180,23,0,0
BRDA:195,24,0,0
BRDA:195,24,1,0
BRDA:220,25,0,0
BRDA:221,26,0,0
BRDA:222,27,0,0
BRDA:228,28,0,0
BRDA:228,29,0,0
BRDA:228,29,1,5
BRDA:228,30,0,5
BRDA:228,30,1,5
BRDA:232,31,0,0
BRDA:232,32,0,0
BRDA:232,32,1,5
BRDA:232,33,0,5
BRDA:232,33,1,5
BRDA:234,34,0,0
BRDA:234,34,1,0
BRDA:238,35,0,0
BRDA:238,36,0,0
BRDA:238,36,1,5
BRDA:238,37,0,5
BRDA:238,37,1,5
BRDA:276,38,0,0
BRDA:276,38,1,0
BRF:66
BRH:9
end_of_record
TN:
SF:server/services/unified-api/providers/fmp.provider.ts
FN:33,(anonymous_7)
FN:44,(anonymous_8)
FN:63,(anonymous_10)
FN:74,(anonymous_12)
FN:105,(anonymous_14)
FN:109,(anonymous_16)
FN:117,(anonymous_17)
FN:131,(anonymous_18)
FN:168,(anonymous_20)
FN:187,(anonymous_22)
FN:207,(anonymous_23)
FN:241,(anonymous_25)
FN:241,(anonymous_26)
FN:258,(anonymous_27)
FN:279,(anonymous_28)
FN:316,(anonymous_29)
FN:325,(anonymous_30)
FN:338,(anonymous_31)
FN:354,(anonymous_32)
FN:372,(anonymous_33)
FN:410,(anonymous_34)
FN:463,(anonymous_35)
FN:504,(anonymous_36)
FN:521,(anonymous_37)
FNF:24
FNH:0
FNDA:0,(anonymous_7)
FNDA:0,(anonymous_8)
FNDA:0,(anonymous_10)
FNDA:0,(anonymous_12)
FNDA:0,(anonymous_14)
FNDA:0,(anonymous_16)
FNDA:0,(anonymous_17)
FNDA:0,(anonymous_18)
FNDA:0,(anonymous_20)
FNDA:0,(anonymous_22)
FNDA:0,(anonymous_23)
FNDA:0,(anonymous_25)
FNDA:0,(anonymous_26)
FNDA:0,(anonymous_27)
FNDA:0,(anonymous_28)
FNDA:0,(anonymous_29)
FNDA:0,(anonymous_30)
FNDA:0,(anonymous_31)
FNDA:0,(anonymous_32)
FNDA:0,(anonymous_33)
FNDA:0,(anonymous_34)
FNDA:0,(anonymous_35)
FNDA:0,(anonymous_36)
FNDA:0,(anonymous_37)
DA:17,0
DA:18,0
DA:19,0
DA:30,0
DA:31,0
DA:34,0
DA:36,0
DA:37,0
DA:38,0
DA:45,0
DA:47,0
DA:48,0
DA:49,0
DA:53,0
DA:56,0
DA:58,0
DA:59,0
DA:64,0
DA:65,0
DA:68,0
DA:70,0
DA:75,0
DA:77,0
DA:78,0
DA:81,0
DA:85,0
DA:87,0
DA:88,0
DA:91,0
DA:101,0
DA:106,0
DA:108,0
DA:109,0
DA:112,0
DA:113,0
DA:117,0
DA:127,0
DA:132,0
DA:134,0
DA:135,0
DA:138,0
DA:147,0
DA:148,0
DA:150,0
DA:164,0
DA:169,0
DA:171,0
DA:172,0
DA:175,0
DA:177,0
DA:185,0
DA:187,0
DA:196,0
DA:203,0
DA:208,0
DA:210,0
DA:211,0
DA:214,0
DA:218,0
DA:220,0
DA:221,0
DA:224,0
DA:237,0
DA:241,0
DA:242,0
DA:244,0
DA:245,0
DA:248,0
DA:256,0
DA:258,0
DA:268,0
DA:275,0
DA:280,0
DA:281,0
DA:283,0
DA:285,0
DA:286,0
DA:288,0
DA:289,0
DA:291,0
DA:292,0
DA:294,0
DA:295,0
DA:297,0
DA:298,0
DA:300,0
DA:301,0
DA:303,0
DA:304,0
DA:306,0
DA:307,0
DA:310,0
DA:317,0
DA:318,0
DA:319,0
DA:320,0
DA:321,0
DA:326,0
DA:327,0
DA:330,0
DA:331,0
DA:334,0
DA:339,0
DA:340,0
DA:341,0
DA:343,0
DA:355,0
DA:357,0
DA:373,0
DA:374,0
DA:376,0
DA:377,0
DA:379,0
DA:380,0
DA:381,0
DA:383,0
DA:384,0
DA:386,0
DA:387,0
DA:388,0
DA:390,0
DA:399,0
DA:402,0
DA:411,0
DA:438,0
DA:447,0
DA:449,0
DA:464,0
DA:477,0
DA:479,0
DA:481,0
DA:482,0
DA:483,0
DA:485,0
DA:496,0
DA:505,0
DA:518,0
DA:522,0
DA:523,0
DA:524,0
DA:525,0
DA:526,0
DA:527,0
DA:528,0
DA:529,0
DA:530,0
DA:531,0
LF:147
LH:0
BRDA:47,0,0,0
BRDA:77,1,0,0
BRDA:87,2,0,0
BRDA:93,3,0,0
BRDA:93,3,1,0
BRDA:94,4,0,0
BRDA:94,4,1,0
BRDA:95,5,0,0
BRDA:95,5,1,0
BRDA:96,6,0,0
BRDA:96,6,1,0
BRDA:108,7,0,0
BRDA:119,8,0,0
BRDA:119,8,1,0
BRDA:120,9,0,0
BRDA:120,9,1,0
BRDA:121,10,0,0
BRDA:121,10,1,0
BRDA:122,11,0,0
BRDA:122,11,1,0
BRDA:134,12,0,0
BRDA:147,13,0,0
BRDA:147,13,1,0
BRDA:148,14,0,0
BRDA:148,14,1,0
BRDA:152,15,0,0
BRDA:152,15,1,0
BRDA:153,16,0,0
BRDA:153,16,1,0
BRDA:154,17,0,0
BRDA:154,17,1,0
BRDA:155,18,0,0
BRDA:155,18,1,0
BRDA:156,19,0,0
BRDA:156,19,1,0
BRDA:157,20,0,0
BRDA:157,20,1,0
BRDA:158,21,0,0
BRDA:158,21,1,0
BRDA:158,22,0,0
BRDA:158,22,1,0
BRDA:158,23,0,0
BRDA:158,23,1,0
BRDA:159,24,0,0
BRDA:159,24,1,0
BRDA:159,25,0,0
BRDA:159,25,1,0
BRDA:159,26,0,0
BRDA:159,26,1,0
BRDA:171,27,0,0
BRDA:185,28,0,0
BRDA:185,28,1,0
BRDA:210,29,0,0
BRDA:220,30,0,0
BRDA:226,31,0,0
BRDA:226,31,1,0
BRDA:227,32,0,0
BRDA:227,32,1,0
BRDA:228,33,0,0
BRDA:228,33,1,0
BRDA:229,34,0,0
BRDA:229,34,1,0
BRDA:230,35,0,0
BRDA:230,35,1,0
BRDA:231,36,0,0
BRDA:231,36,1,0
BRDA:232,37,0,0
BRDA:232,37,1,0
BRDA:241,38,0,0
BRDA:244,39,0,0
BRDA:256,40,0,0
BRDA:256,40,1,0
BRDA:283,41,0,0
BRDA:283,41,1,0
BRDA:283,41,2,0
BRDA:283,41,3,0
BRDA:283,41,4,0
BRDA:283,41,5,0
BRDA:283,41,6,0
BRDA:283,41,7,0
BRDA:317,42,0,0
BRDA:319,43,0,0
BRDA:319,44,0,0
BRDA:319,44,1,0
BRDA:320,45,0,0
BRDA:320,46,0,0
BRDA:320,46,1,0
BRDA:326,47,0,0
BRDA:326,48,0,0
BRDA:326,48,1,0
BRDA:326,49,0,0
BRDA:326,49,1,0
BRDA:330,50,0,0
BRDA:330,51,0,0
BRDA:330,51,1,0
BRDA:330,52,0,0
BRDA:330,52,1,0
BRDA:447,53,0,0
BRDA:447,53,1,0
BRDA:451,54,0,0
BRDA:451,54,1,0
BRDA:452,55,0,0
BRDA:452,55,1,0
BRDA:453,56,0,0
BRDA:453,56,1,0
BRDA:454,57,0,0
BRDA:454,57,1,0
BRDA:455,58,0,0
BRDA:455,58,1,0
BRDA:456,59,0,0
BRDA:456,59,1,0
BRDA:492,60,0,0
BRDA:492,60,1,0
BRDA:492,61,0,0
BRDA:492,61,1,0
BRDA:518,62,0,0
BRDA:518,62,1,0
BRDA:522,63,0,0
BRDA:522,63,1,0
BRDA:522,63,2,0
BRDA:522,63,3,0
BRDA:522,63,4,0
BRDA:522,63,5,0
BRDA:522,63,6,0
BRDA:522,63,7,0
BRDA:522,63,8,0
BRF:126
BRH:0
end_of_record
TN:
SF:server/types/auth.ts
FN:209,(anonymous_0)
FN:220,(anonymous_1)
FN:233,(anonymous_2)
FNF:3
FNH:0
FNDA:0,(anonymous_0)
FNDA:0,(anonymous_1)
FNDA:0,(anonymous_2)
DA:85,0
DA:108,0
DA:138,0
DA:210,0
DA:212,0
DA:214,0
DA:215,0
DA:221,0
DA:223,0
DA:224,0
DA:225,0
DA:227,0
DA:228,0
DA:235,0
DA:236,0
DA:237,0
DA:238,0
DA:240,0
DA:241,0
LF:19
LH:0
BRDA:212,0,0,0
BRDA:223,1,0,0
BRDA:238,2,0,0
BRF:3
BRH:0
end_of_record
TN:
SF:server/utils/error-handler.ts
FN:34,createErrorResponse
FN:69,sendErrorResponse
FN:84,handleValidationError
FN:114,handleAuthError
FN:126,handleAuthzError
FN:138,handleRateLimitError
FN:162,handleNotFoundError
FN:180,logAndHandleError
FN:181,(anonymous_15)
FN:228,createSecureErrorHandler
FN:229,(anonymous_17)
FN:234,(anonymous_18)
FNF:12
FNH:0
FNDA:0,createErrorResponse
FNDA:0,sendErrorResponse
FNDA:0,handleValidationError
FNDA:0,handleAuthError
FNDA:0,handleAuthzError
FNDA:0,handleRateLimitError
FNDA:0,handleNotFoundError
FNDA:0,logAndHandleError
FNDA:0,(anonymous_15)
FNDA:0,createSecureErrorHandler
FNDA:0,(anonymous_17)
FNDA:0,(anonymous_18)
DA:41,0
DA:49,0
DA:50,0
DA:54,0
DA:55,0
DA:56,0
DA:57,0
DA:59,0
DA:63,0
DA:77,0
DA:78,0
DA:89,0
DA:96,0
DA:97,0
DA:101,0
DA:102,0
DA:105,0
DA:108,0
DA:120,0
DA:132,0
DA:144,0
DA:152,0
DA:153,0
DA:156,0
DA:167,0
DA:181,0
DA:188,0
DA:198,0
DA:205,0
DA:206,0
DA:207,0
DA:218,0
DA:222,0
DA:229,0
DA:234,0
DA:236,0
DA:237,0
DA:241,0
DA:242,0
DA:250,0
DA:251,0
DA:252,0
DA:254,0
DA:256,0
DA:257,0
DA:258,0
DA:259,0
DA:260,0
DA:261,0
DA:262,0
DA:263,0
DA:264,0
DA:265,0
DA:266,0
DA:267,0
DA:268,0
DA:269,0
DA:270,0
DA:271,0
DA:275,0
LF:60
LH:0
BRDA:36,0,0,0
BRDA:37,1,0,0
BRDA:38,2,0,0
BRDA:49,3,0,0
BRDA:49,4,0,0
BRDA:49,4,1,0
BRDA:49,5,0,0
BRDA:49,5,1,0
BRDA:54,6,0,0
BRDA:55,7,0,0
BRDA:55,7,1,0
BRDA:72,8,0,0
BRDA:73,9,0,0
BRDA:74,10,0,0
BRDA:96,11,0,0
BRDA:96,12,0,0
BRDA:96,12,1,0
BRDA:96,13,0,0
BRDA:96,13,1,0
BRDA:101,14,0,0
BRDA:101,14,1,0
BRDA:116,15,0,0
BRDA:117,16,0,0
BRDA:128,17,0,0
BRDA:129,18,0,0
BRDA:140,19,0,0
BRDA:152,20,0,0
BRDA:164,21,0,0
BRDA:184,22,0,0
BRDA:185,23,0,0
BRDA:186,24,0,0
BRDA:190,25,0,0
BRDA:190,25,1,0
BRDA:190,26,0,0
BRDA:190,26,1,0
BRDA:199,27,0,0
BRDA:199,27,1,0
BRDA:200,28,0,0
BRDA:200,28,1,0
BRDA:205,29,0,0
BRDA:208,30,0,0
BRDA:208,30,1,0
BRDA:214,31,0,0
BRDA:214,31,1,0
BRDA:215,32,0,0
BRDA:215,32,1,0
BRDA:236,33,0,0
BRDA:241,34,0,0
BRDA:254,35,0,0
BRDA:256,36,0,0
BRDA:256,36,1,0
BRDA:256,37,0,0
BRDA:256,37,1,0
BRDA:260,38,0,0
BRDA:260,38,1,0
BRDA:260,39,0,0
BRDA:260,39,1,0
BRDA:264,40,0,0
BRDA:264,40,1,0
BRDA:268,41,0,0
BRF:60
BRH:0
end_of_record
TN:
SF:server/utils/jwt-validator.ts
FN:56,(anonymous_0)
FN:60,(anonymous_1)
FN:74,(anonymous_2)
FN:214,(anonymous_3)
FN:241,(anonymous_4)
FN:251,(anonymous_5)
FN:261,(anonymous_6)
FN:271,(anonymous_7)
FN:287,createJWTValidator
FN:301,validateJWTForHTTP
FN:306,validateJWTForWebSocket
FN:311,extractTokenFromHeaders
FNF:12
FNH:0
FNDA:0,(anonymous_0)
FNDA:0,(anonymous_1)
FNDA:0,(anonymous_2)
FNDA:0,(anonymous_3)
FNDA:0,(anonymous_4)
FNDA:0,(anonymous_5)
FNDA:0,(anonymous_6)
FNDA:0,(anonymous_7)
FNDA:0,createJWTValidator
FNDA:0,validateJWTForHTTP
FNDA:0,validateJWTForWebSocket
FNDA:0,extractTokenFromHeaders
DA:10,0
DA:57,0
DA:61,0
DA:62,0
DA:63,0
DA:65,0
DA:67,0
DA:75,0
DA:77,0
DA:78,0
DA:86,0
DA:87,0
DA:95,0
DA:96,0
DA:97,0
DA:104,0
DA:105,0
DA:106,0
DA:114,0
DA:120,0
DA:123,0
DA:124,0
DA:132,0
DA:133,0
DA:134,0
DA:135,0
DA:142,0
DA:145,0
DA:146,0
DA:154,0
DA:155,0
DA:163,0
DA:164,0
DA:165,0
DA:173,0
DA:174,0
DA:181,0
DA:188,0
DA:189,0
DA:191,0
DA:192,0
DA:193,0
DA:194,0
DA:195,0
DA:196,0
DA:197,0
DA:198,0
DA:199,0
DA:202,0
DA:216,0
DA:217,0
DA:218,0
DA:219,0
DA:220,0
DA:225,0
DA:226,0
DA:230,0
DA:231,0
DA:232,0
DA:235,0
DA:242,0
DA:252,0
DA:262,0
DA:272,0
DA:288,0
DA:289,0
DA:291,0
DA:292,0
DA:295,0
DA:302,0
DA:303,0
DA:307,0
DA:308,0
DA:312,0
DA:313,0
LF:75
LH:0
BRDA:61,0,0,0
BRDA:62,1,0,0
BRDA:77,2,0,0
BRDA:77,3,0,0
BRDA:77,3,1,0
BRDA:86,4,0,0
BRDA:96,5,0,0
BRDA:104,6,0,0
BRDA:104,6,1,0
BRDA:104,7,0,0
BRDA:104,7,1,0
BRDA:104,8,0,0
BRDA:104,8,1,0
BRDA:105,9,0,0
BRDA:115,10,0,0
BRDA:115,10,1,0
BRDA:115,11,0,0
BRDA:115,11,1,0
BRDA:115,12,0,0
BRDA:115,12,1,0
BRDA:116,13,0,0
BRDA:116,13,1,0
BRDA:116,14,0,0
BRDA:116,14,1,0
BRDA:116,15,0,0
BRDA:116,15,1,0
BRDA:117,16,0,0
BRDA:117,16,1,0
BRDA:117,17,0,0
BRDA:117,17,1,0
BRDA:117,18,0,0
BRDA:117,18,1,0
BRDA:123,19,0,0
BRDA:123,20,0,0
BRDA:123,20,1,0
BRDA:133,21,0,0
BRDA:145,22,0,0
BRDA:145,23,0,0
BRDA:145,23,1,0
BRDA:145,24,0,0
BRDA:145,24,1,0
BRDA:145,25,0,0
BRDA:145,25,1,0
BRDA:154,26,0,0
BRDA:154,27,0,0
BRDA:154,27,1,0
BRDA:154,27,2,0
BRDA:154,28,0,0
BRDA:154,28,1,0
BRDA:154,29,0,0
BRDA:154,29,1,0
BRDA:164,30,0,0
BRDA:173,31,0,0
BRDA:191,32,0,0
BRDA:191,32,1,0
BRDA:194,33,0,0
BRDA:194,33,1,0
BRDA:197,34,0,0
BRDA:216,35,0,0
BRDA:216,35,1,0
BRDA:217,36,0,0
BRDA:217,37,0,0
BRDA:217,37,1,0
BRDA:219,38,0,0
BRDA:225,39,0,0
BRDA:225,40,0,0
BRDA:225,40,1,0
BRDA:225,40,2,0
BRDA:231,41,0,0
BRDA:231,42,0,0
BRDA:231,42,1,0
BRDA:274,43,0,0
BRDA:274,43,1,0
BRDA:275,44,0,0
BRDA:275,44,1,0
BRDA:276,45,0,0
BRDA:276,45,1,0
BRDA:289,46,0,0
BRDA:289,46,1,0
BRDA:291,47,0,0
BRF:80
BRH:0
end_of_record
